Jun 26 04:11:13 ip-10-20-171-181 buildkite-agent: _           _ _     _ _    _ _                                _
Jun 26 04:11:13 ip-10-20-171-181 buildkite-agent: | |         (_) |   | | |  (_) |                              | |
Jun 26 04:11:13 ip-10-20-171-181 buildkite-agent: | |__  _   _ _| | __| | | ___| |_ ___    __ _  __ _  ___ _ __ | |_
Jun 26 04:11:13 ip-10-20-171-181 buildkite-agent: | '_ \| | | | | |/ _` | |/ / | __/ _ \  / _` |/ _` |/ _ \ '_ \| __|
Jun 26 04:11:13 ip-10-20-171-181 buildkite-agent: | |_) | |_| | | | (_| |   <| | ||  __/ | (_| | (_| |  __/ | | | |_
Jun 26 04:11:13 ip-10-20-171-181 buildkite-agent: |_.__/ \__,_|_|_|\__,_|_|\_\_|\__\___|  \__,_|\__, |\___|_| |_|\__|
Jun 26 04:11:13 ip-10-20-171-181 buildkite-agent: __/ |
Jun 26 04:11:13 ip-10-20-171-181 buildkite-agent: https://buildkite.com/agent                    |___/
Jun 26 04:11:13 ip-10-20-171-181 buildkite-agent: 2023-06-26 04:11:13 NOTICE Starting buildkite-agent v3.43.1 with PID: 20806
Jun 26 04:11:13 ip-10-20-171-181 buildkite-agent: 2023-06-26 04:11:13 NOTICE The agent source code can be found here: https://github.com/buildkite/agent
Jun 26 04:11:13 ip-10-20-171-181 buildkite-agent: 2023-06-26 04:11:13 NOTICE For questions and support, email us at: hello@buildkite.com
Jun 26 04:11:13 ip-10-20-171-181 buildkite-agent: 2023-06-26 04:11:13 INFO   Configuration loaded path=/etc/buildkite-agent/buildkite-agent.cfg
Jun 26 04:11:13 ip-10-20-171-181 buildkite-agent: 2023-06-26 04:11:13 INFO   Agents will disconnect after 1800 seconds of inactivity
Jun 26 04:11:13 ip-10-20-171-181 buildkite-agent: 2023-06-26 04:11:13 INFO   Fetching EC2 meta-data...
Jun 26 04:11:13 ip-10-20-171-181 buildkite-agent: 2023-06-26 04:11:13 INFO   Successfully fetched EC2 meta-data
Jun 26 04:11:13 ip-10-20-171-181 buildkite-agent: 2023-06-26 04:11:13 INFO   Registering agent with Buildkite...
Jun 26 04:11:14 ip-10-20-171-181 buildkite-agent: 2023-06-26 04:11:14 INFO   Successfully registered agent "prod-us-west-2-buildkite-ci-agents-i-02db844904a309c4f-1" with tags [queue=prod-us-west-2-default, docker=20.10.17, stack=prod-us-west-2-buildkite-ci-agents, buildkite-aws-stack=v5.16.1, os=linux, account_alias=rokt-prod, aws:instance-id=i-02db844904a309c4f, aws:instance-type=t3a.large, aws:ami-id=ami-094344b10269982e8, aws:instance-life-cycle=on-demand]
Jun 26 04:11:14 ip-10-20-171-181 buildkite-agent: 2023-06-26 04:11:14 INFO   Starting 1 Agent(s)
Jun 26 04:11:14 ip-10-20-171-181 buildkite-agent: 2023-06-26 04:11:14 INFO   You can press Ctrl-C to stop the agents
Jun 26 04:11:14 ip-10-20-171-181 buildkite-agent: 2023-06-26 04:11:14 INFO   prod-us-west-2-buildkite-ci-agents-i-02db844904a309c4f-1 Connecting to Buildkite...
Jun 26 04:11:14 ip-10-20-171-181 buildkite-agent: 2023-06-26 04:11:14 INFO   prod-us-west-2-buildkite-ci-agents-i-02db844904a309c4f-1 Waiting for work...
Jun 26 04:34:04 ip-10-20-171-181 buildkite-agent: 2023-06-26 04:34:04 INFO   prod-us-west-2-buildkite-ci-agents-i-02db844904a309c4f-1 Assigned job 0188f5fa-e5de-4226-8b0e-1c2add981ccf. Accepting...
Jun 26 04:34:04 ip-10-20-171-181 buildkite-agent: 2023-06-26 04:34:04 INFO   prod-us-west-2-buildkite-ci-agents-i-02db844904a309c4f-1 Starting job 0188f5fa-e5de-4226-8b0e-1c2add981ccf
Jun 26 04:34:04 ip-10-20-171-181 buildkite-agent: 2023-06-26 04:34:04 INFO   prod-us-west-2-buildkite-ci-agents-i-02db844904a309c4f-1 [Process] Process is running with PID: 23769
Jun 26 05:08:46 ip-10-20-171-181 buildkite-agent: 2023-06-26 05:08:46 INFO   prod-us-west-2-buildkite-ci-agents-i-02db844904a309c4f-1 Process with PID: 23769 finished with Exit Status: 0, Signal: nil
Jun 26 05:08:47 ip-10-20-171-181 buildkite-agent: 2023-06-26 05:08:47 INFO   prod-us-west-2-buildkite-ci-agents-i-02db844904a309c4f-1 Finished job 0188f5fa-e5de-4226-8b0e-1c2add981ccf
Jun 26 05:08:57 ip-10-20-171-181 buildkite-agent: 2023-06-26 05:08:57 INFO   prod-us-west-2-buildkite-ci-agents-i-02db844904a309c4f-1 Assigned job 0188f61a-be89-433e-972e-564e028b3666. Accepting...
Jun 26 05:08:57 ip-10-20-171-181 buildkite-agent: 2023-06-26 05:08:57 INFO   prod-us-west-2-buildkite-ci-agents-i-02db844904a309c4f-1 Starting job 0188f61a-be89-433e-972e-564e028b3666
Jun 26 05:08:57 ip-10-20-171-181 buildkite-agent: 2023-06-26 05:08:57 INFO   prod-us-west-2-buildkite-ci-agents-i-02db844904a309c4f-1 [Process] Process is running with PID: 1460
Jun 26 05:09:08 ip-10-20-171-181 buildkite-agent: 2023-06-26 05:09:08 INFO   prod-us-west-2-buildkite-ci-agents-i-02db844904a309c4f-1 Process with PID: 1460 finished with Exit Status: 0, Signal: nil
Jun 26 05:09:08 ip-10-20-171-181 buildkite-agent: 2023-06-26 05:09:08 INFO   prod-us-west-2-buildkite-ci-agents-i-02db844904a309c4f-1 Finished job 0188f61a-be89-433e-972e-564e028b3666
Jun 26 05:10:38 ip-10-20-171-181 buildkite-agent: 2023-06-26 05:10:38 INFO   prod-us-west-2-buildkite-ci-agents-i-02db844904a309c4f-1 Assigned job 0188f61c-49c8-4f5e-bd4f-a25297c0c63e. Accepting...
Jun 26 05:10:39 ip-10-20-171-181 buildkite-agent: 2023-06-26 05:10:39 INFO   prod-us-west-2-buildkite-ci-agents-i-02db844904a309c4f-1 Starting job 0188f61c-49c8-4f5e-bd4f-a25297c0c63e
Jun 26 05:10:39 ip-10-20-171-181 buildkite-agent: 2023-06-26 05:10:39 INFO   prod-us-west-2-buildkite-ci-agents-i-02db844904a309c4f-1 [Process] Process is running with PID: 1915
Jun 26 05:11:43 ip-10-20-171-181 buildkite-agent: 2023-06-26 05:11:43 INFO   prod-us-west-2-buildkite-ci-agents-i-02db844904a309c4f-1 Process with PID: 1915 finished with Exit Status: 0, Signal: nil
Jun 26 05:11:44 ip-10-20-171-181 buildkite-agent: 2023-06-26 05:11:44 INFO   prod-us-west-2-buildkite-ci-agents-i-02db844904a309c4f-1 Finished job 0188f61c-49c8-4f5e-bd4f-a25297c0c63e
Jun 26 05:12:24 ip-10-20-171-181 buildkite-agent: 2023-06-26 05:12:24 INFO   prod-us-west-2-buildkite-ci-agents-i-02db844904a309c4f-1 Assigned job 0188f61a-e558-40ec-951e-01699c8f3a19. Accepting...
Jun 26 05:12:24 ip-10-20-171-181 buildkite-agent: 2023-06-26 05:12:24 INFO   prod-us-west-2-buildkite-ci-agents-i-02db844904a309c4f-1 Starting job 0188f61a-e558-40ec-951e-01699c8f3a19
Jun 26 05:12:24 ip-10-20-171-181 buildkite-agent: 2023-06-26 05:12:24 INFO   prod-us-west-2-buildkite-ci-agents-i-02db844904a309c4f-1 [Process] Process is running with PID: 8683
Jun 26 05:13:03 ip-10-20-171-181 buildkite-agent: 2023-06-26 05:13:03 INFO   prod-us-west-2-buildkite-ci-agents-i-02db844904a309c4f-1 Process with PID: 8683 finished with Exit Status: 0, Signal: nil
Jun 26 05:13:03 ip-10-20-171-181 buildkite-agent: 2023-06-26 05:13:03 INFO   prod-us-west-2-buildkite-ci-agents-i-02db844904a309c4f-1 Finished job 0188f61a-e558-40ec-951e-01699c8f3a19
Jun 26 05:13:53 ip-10-20-171-181 buildkite-agent: 2023-06-26 05:13:53 INFO   prod-us-west-2-buildkite-ci-agents-i-02db844904a309c4f-1 Assigned job 0188f61f-5126-4cd0-ad04-dc9bf30fafe0. Accepting...
Jun 26 05:13:54 ip-10-20-171-181 buildkite-agent: 2023-06-26 05:13:54 INFO   prod-us-west-2-buildkite-ci-agents-i-02db844904a309c4f-1 Starting job 0188f61f-5126-4cd0-ad04-dc9bf30fafe0
Jun 26 05:13:54 ip-10-20-171-181 buildkite-agent: 2023-06-26 05:13:54 INFO   prod-us-west-2-buildkite-ci-agents-i-02db844904a309c4f-1 [Process] Process is running with PID: 9089
Jun 26 05:17:44 ip-10-20-171-181 buildkite-agent: 2023-06-26 05:17:44 INFO   prod-us-west-2-buildkite-ci-agents-i-02db844904a309c4f-1 Process with PID: 9089 finished with Exit Status: 0, Signal: nil
Jun 26 05:17:44 ip-10-20-171-181 buildkite-agent: 2023-06-26 05:17:44 INFO   prod-us-west-2-buildkite-ci-agents-i-02db844904a309c4f-1 Finished job 0188f61f-5126-4cd0-ad04-dc9bf30fafe0
Jun 26 05:18:24 ip-10-20-171-181 buildkite-agent: 2023-06-26 05:18:24 INFO   prod-us-west-2-buildkite-ci-agents-i-02db844904a309c4f-1 Assigned job 0188f61a-e55a-4afe-92a7-6d0f5aac884a. Accepting...
Jun 26 05:18:24 ip-10-20-171-181 buildkite-agent: 2023-06-26 05:18:24 INFO   prod-us-west-2-buildkite-ci-agents-i-02db844904a309c4f-1 Starting job 0188f61a-e55a-4afe-92a7-6d0f5aac884a
Jun 26 05:18:25 ip-10-20-171-181 buildkite-agent: 2023-06-26 05:18:25 INFO   prod-us-west-2-buildkite-ci-agents-i-02db844904a309c4f-1 [Process] Process is running with PID: 10335
Jun 26 05:21:53 ip-10-20-171-181 buildkite-agent: 2023-06-26 05:21:53 INFO   prod-us-west-2-buildkite-ci-agents-i-02db844904a309c4f-1 Process with PID: 10335 finished with Exit Status: 0, Signal: nil
Jun 26 05:21:54 ip-10-20-171-181 buildkite-agent: 2023-06-26 05:21:54 INFO   prod-us-west-2-buildkite-ci-agents-i-02db844904a309c4f-1 Finished job 0188f61a-e55a-4afe-92a7-6d0f5aac884a
Jun 26 05:22:04 ip-10-20-171-181 buildkite-agent: 2023-06-26 05:22:04 INFO   prod-us-west-2-buildkite-ci-agents-i-02db844904a309c4f-1 Assigned job 0188f52e-a03a-4693-aa9c-3427762a8481. Accepting...
Jun 26 05:22:04 ip-10-20-171-181 buildkite-agent: 2023-06-26 05:22:04 INFO   prod-us-west-2-buildkite-ci-agents-i-02db844904a309c4f-1 Starting job 0188f52e-a03a-4693-aa9c-3427762a8481
Jun 26 05:22:04 ip-10-20-171-181 buildkite-agent: 2023-06-26 05:22:04 WARN   prod-us-west-2-buildkite-ci-agents-i-02db844904a309c4f-1 Buildkite rejected the call to start the job (PUT https://agent.buildkite.com/v3/jobs/0188f52e-a03a-4693-aa9c-3427762a8481/start: 422 This job can't be started while the build is in a `blocked` state.)
Jun 26 05:22:04 ip-10-20-171-181 buildkite-agent: 2023-06-26 05:22:04 ERROR  prod-us-west-2-buildkite-ci-agents-i-02db844904a309c4f-1 Failed to run job: PUT https://agent.buildkite.com/v3/jobs/0188f52e-a03a-4693-aa9c-3427762a8481/start: 422 This job can't be started while the build is in a `blocked` state.
Jun 26 05:22:14 ip-10-20-171-181 buildkite-agent: 2023-06-26 05:22:14 INFO   prod-us-west-2-buildkite-ci-agents-i-02db844904a309c4f-1 Assigned job 0188f52e-a03a-4693-aa9c-3427762a8481. Accepting...
Jun 26 05:22:14 ip-10-20-171-181 buildkite-agent: 2023-06-26 05:22:14 INFO   prod-us-west-2-buildkite-ci-agents-i-02db844904a309c4f-1 Starting job 0188f52e-a03a-4693-aa9c-3427762a8481
Jun 26 05:22:14 ip-10-20-171-181 buildkite-agent: 2023-06-26 05:22:14 WARN   prod-us-west-2-buildkite-ci-agents-i-02db844904a309c4f-1 Buildkite rejected the call to start the job (PUT https://agent.buildkite.com/v3/jobs/0188f52e-a03a-4693-aa9c-3427762a8481/start: 422 This job can't be started while the build is in a `blocked` state.)
Jun 26 05:22:14 ip-10-20-171-181 buildkite-agent: 2023-06-26 05:22:14 ERROR  prod-us-west-2-buildkite-ci-agents-i-02db844904a309c4f-1 Failed to run job: PUT https://agent.buildkite.com/v3/jobs/0188f52e-a03a-4693-aa9c-3427762a8481/start: 422 This job can't be started while the build is in a `blocked` state.
Jun 26 05:22:24 ip-10-20-171-181 buildkite-agent: 2023-06-26 05:22:24 INFO   prod-us-west-2-buildkite-ci-agents-i-02db844904a309c4f-1 Assigned job 0188f52e-a03a-4693-aa9c-3427762a8481. Accepting...
Jun 26 05:22:24 ip-10-20-171-181 buildkite-agent: 2023-06-26 05:22:24 INFO   prod-us-west-2-buildkite-ci-agents-i-02db844904a309c4f-1 Starting job 0188f52e-a03a-4693-aa9c-3427762a8481
Jun 26 05:22:24 ip-10-20-171-181 buildkite-agent: 2023-06-26 05:22:24 WARN   prod-us-west-2-buildkite-ci-agents-i-02db844904a309c4f-1 Buildkite rejected the call to start the job (PUT https://agent.buildkite.com/v3/jobs/0188f52e-a03a-4693-aa9c-3427762a8481/start: 422 This job can't be started while the build is in a `blocked` state.)
Jun 26 05:22:24 ip-10-20-171-181 buildkite-agent: 2023-06-26 05:22:24 ERROR  prod-us-west-2-buildkite-ci-agents-i-02db844904a309c4f-1 Failed to run job: PUT https://agent.buildkite.com/v3/jobs/0188f52e-a03a-4693-aa9c-3427762a8481/start: 422 This job can't be started while the build is in a `blocked` state.
Jun 26 05:22:34 ip-10-20-171-181 buildkite-agent: 2023-06-26 05:22:34 INFO   prod-us-west-2-buildkite-ci-agents-i-02db844904a309c4f-1 Assigned job 0188f52e-a03a-4693-aa9c-3427762a8481. Accepting...
Jun 26 05:22:34 ip-10-20-171-181 buildkite-agent: 2023-06-26 05:22:34 INFO   prod-us-west-2-buildkite-ci-agents-i-02db844904a309c4f-1 Starting job 0188f52e-a03a-4693-aa9c-3427762a8481
Jun 26 05:22:34 ip-10-20-171-181 buildkite-agent: 2023-06-26 05:22:34 WARN   prod-us-west-2-buildkite-ci-agents-i-02db844904a309c4f-1 Buildkite rejected the call to start the job (PUT https://agent.buildkite.com/v3/jobs/0188f52e-a03a-4693-aa9c-3427762a8481/start: 422 This job can't be started while the build is in a `blocked` state.)
Jun 26 05:22:34 ip-10-20-171-181 buildkite-agent: 2023-06-26 05:22:34 ERROR  prod-us-west-2-buildkite-ci-agents-i-02db844904a309c4f-1 Failed to run job: PUT https://agent.buildkite.com/v3/jobs/0188f52e-a03a-4693-aa9c-3427762a8481/start: 422 This job can't be started while the build is in a `blocked` state.
Jun 26 05:22:44 ip-10-20-171-181 buildkite-agent: 2023-06-26 05:22:44 INFO   prod-us-west-2-buildkite-ci-agents-i-02db844904a309c4f-1 Assigned job 0188f52e-a03a-4693-aa9c-3427762a8481. Accepting...
Jun 26 05:22:44 ip-10-20-171-181 buildkite-agent: 2023-06-26 05:22:44 INFO   prod-us-west-2-buildkite-ci-agents-i-02db844904a309c4f-1 Starting job 0188f52e-a03a-4693-aa9c-3427762a8481
Jun 26 05:22:44 ip-10-20-171-181 buildkite-agent: 2023-06-26 05:22:44 WARN   prod-us-west-2-buildkite-ci-agents-i-02db844904a309c4f-1 Buildkite rejected the call to start the job (PUT https://agent.buildkite.com/v3/jobs/0188f52e-a03a-4693-aa9c-3427762a8481/start: 422 This job can't be started while the build is in a `blocked` state.)
Jun 26 05:22:44 ip-10-20-171-181 buildkite-agent: 2023-06-26 05:22:44 ERROR  prod-us-west-2-buildkite-ci-agents-i-02db844904a309c4f-1 Failed to run job: PUT https://agent.buildkite.com/v3/jobs/0188f52e-a03a-4693-aa9c-3427762a8481/start: 422 This job can't be started while the build is in a `blocked` state.
Jun 26 05:22:54 ip-10-20-171-181 buildkite-agent: 2023-06-26 05:22:54 INFO   prod-us-west-2-buildkite-ci-agents-i-02db844904a309c4f-1 Assigned job 0188f52e-a03a-4693-aa9c-3427762a8481. Accepting...
Jun 26 05:22:54 ip-10-20-171-181 buildkite-agent: 2023-06-26 05:22:54 INFO   prod-us-west-2-buildkite-ci-agents-i-02db844904a309c4f-1 Starting job 0188f52e-a03a-4693-aa9c-3427762a8481
Jun 26 05:22:54 ip-10-20-171-181 buildkite-agent: 2023-06-26 05:22:54 WARN   prod-us-west-2-buildkite-ci-agents-i-02db844904a309c4f-1 Buildkite rejected the call to start the job (PUT https://agent.buildkite.com/v3/jobs/0188f52e-a03a-4693-aa9c-3427762a8481/start: 422 This job can't be started while the build is in a `blocked` state.)
Jun 26 05:22:54 ip-10-20-171-181 buildkite-agent: 2023-06-26 05:22:54 ERROR  prod-us-west-2-buildkite-ci-agents-i-02db844904a309c4f-1 Failed to run job: PUT https://agent.buildkite.com/v3/jobs/0188f52e-a03a-4693-aa9c-3427762a8481/start: 422 This job can't be started while the build is in a `blocked` state.
Jun 26 05:27:14 ip-10-20-171-181 buildkite-agent: 2023-06-26 05:27:14 INFO   prod-us-west-2-buildkite-ci-agents-i-02db844904a309c4f-1 Assigned job 0188f5e8-1110-4f10-824c-8c216eea0eb7. Accepting...
Jun 26 05:27:14 ip-10-20-171-181 buildkite-agent: 2023-06-26 05:27:14 INFO   prod-us-west-2-buildkite-ci-agents-i-02db844904a309c4f-1 Starting job 0188f5e8-1110-4f10-824c-8c216eea0eb7
Jun 26 05:27:14 ip-10-20-171-181 buildkite-agent: 2023-06-26 05:27:14 INFO   prod-us-west-2-buildkite-ci-agents-i-02db844904a309c4f-1 [Process] Process is running with PID: 11705
Jun 26 05:28:02 ip-10-20-171-181 buildkite-agent: 2023-06-26 05:28:02 INFO   prod-us-west-2-buildkite-ci-agents-i-02db844904a309c4f-1 Process with PID: 11705 finished with Exit Status: 0, Signal: nil
Jun 26 05:28:02 ip-10-20-171-181 buildkite-agent: 2023-06-26 05:28:02 INFO   prod-us-west-2-buildkite-ci-agents-i-02db844904a309c4f-1 Finished job 0188f5e8-1110-4f10-824c-8c216eea0eb7
Jun 26 05:28:12 ip-10-20-171-181 buildkite-agent: 2023-06-26 05:28:12 INFO   prod-us-west-2-buildkite-ci-agents-i-02db844904a309c4f-1 Assigned job 0188f5e8-1113-4055-b242-cdc958fc5ceb. Accepting...
Jun 26 05:28:12 ip-10-20-171-181 buildkite-agent: 2023-06-26 05:28:12 INFO   prod-us-west-2-buildkite-ci-agents-i-02db844904a309c4f-1 Starting job 0188f5e8-1113-4055-b242-cdc958fc5ceb
Jun 26 05:28:12 ip-10-20-171-181 buildkite-agent: 2023-06-26 05:28:12 INFO   prod-us-west-2-buildkite-ci-agents-i-02db844904a309c4f-1 [Process] Process is running with PID: 12247
Jun 26 05:28:54 ip-10-20-171-181 buildkite-agent: 2023-06-26 05:28:54 INFO   prod-us-west-2-buildkite-ci-agents-i-02db844904a309c4f-1 Process with PID: 12247 finished with Exit Status: 0, Signal: nil
Jun 26 05:28:54 ip-10-20-171-181 buildkite-agent: 2023-06-26 05:28:54 INFO   prod-us-west-2-buildkite-ci-agents-i-02db844904a309c4f-1 Finished job 0188f5e8-1113-4055-b242-cdc958fc5ceb
Jun 26 05:30:54 ip-10-20-171-181 buildkite-agent: 2023-06-26 05:30:54 INFO   prod-us-west-2-buildkite-ci-agents-i-02db844904a309c4f-1 Assigned job 0188f62e-ec20-4bb5-a0b1-6b953a5a13bd. Accepting...
Jun 26 05:30:55 ip-10-20-171-181 buildkite-agent: 2023-06-26 05:30:55 INFO   prod-us-west-2-buildkite-ci-agents-i-02db844904a309c4f-1 Starting job 0188f62e-ec20-4bb5-a0b1-6b953a5a13bd
Jun 26 05:30:55 ip-10-20-171-181 buildkite-agent: 2023-06-26 05:30:55 INFO   prod-us-west-2-buildkite-ci-agents-i-02db844904a309c4f-1 [Process] Process is running with PID: 13063
Jun 26 05:31:02 ip-10-20-171-181 buildkite-agent: 2023-06-26 05:31:02 INFO   prod-us-west-2-buildkite-ci-agents-i-02db844904a309c4f-1 Process with PID: 13063 finished with Exit Status: 0, Signal: nil
Jun 26 05:31:02 ip-10-20-171-181 buildkite-agent: 2023-06-26 05:31:02 INFO   prod-us-west-2-buildkite-ci-agents-i-02db844904a309c4f-1 Finished job 0188f62e-ec20-4bb5-a0b1-6b953a5a13bd
Jun 26 05:32:02 ip-10-20-171-181 buildkite-agent: 2023-06-26 05:32:02 INFO   prod-us-west-2-buildkite-ci-agents-i-02db844904a309c4f-1 Assigned job 0188f62f-f97c-42eb-b6c0-2a2d83a1460f. Accepting...
Jun 26 05:32:02 ip-10-20-171-181 buildkite-agent: 2023-06-26 05:32:02 INFO   prod-us-west-2-buildkite-ci-agents-i-02db844904a309c4f-1 Starting job 0188f62f-f97c-42eb-b6c0-2a2d83a1460f
Jun 26 05:32:03 ip-10-20-171-181 buildkite-agent: 2023-06-26 05:32:03 INFO   prod-us-west-2-buildkite-ci-agents-i-02db844904a309c4f-1 [Process] Process is running with PID: 13410
Jun 26 05:36:51 ip-10-20-171-181 buildkite-agent: 2023-06-26 05:36:51 INFO   prod-us-west-2-buildkite-ci-agents-i-02db844904a309c4f-1 Process with PID: 13410 finished with Exit Status: 0, Signal: nil
Jun 26 05:36:52 ip-10-20-171-181 buildkite-agent: 2023-06-26 05:36:52 INFO   prod-us-west-2-buildkite-ci-agents-i-02db844904a309c4f-1 Finished job 0188f62f-f97c-42eb-b6c0-2a2d83a1460f
Jun 26 05:37:02 ip-10-20-171-181 buildkite-agent: 2023-06-26 05:37:02 INFO   prod-us-west-2-buildkite-ci-agents-i-02db844904a309c4f-1 Assigned job 0188f62d-1af3-4053-9b2f-a6b977d1e4ac. Accepting...
Jun 26 05:37:02 ip-10-20-171-181 buildkite-agent: 2023-06-26 05:37:02 INFO   prod-us-west-2-buildkite-ci-agents-i-02db844904a309c4f-1 Starting job 0188f62d-1af3-4053-9b2f-a6b977d1e4ac
Jun 26 05:37:02 ip-10-20-171-181 buildkite-agent: 2023-06-26 05:37:02 INFO   prod-us-west-2-buildkite-ci-agents-i-02db844904a309c4f-1 [Process] Process is running with PID: 14809
Jun 26 05:45:49 ip-10-20-171-181 buildkite-agent: 2023-06-26 05:45:49 INFO   prod-us-west-2-buildkite-ci-agents-i-02db844904a309c4f-1 Process with PID: 14809 finished with Exit Status: 0, Signal: nil
Jun 26 05:45:50 ip-10-20-171-181 buildkite-agent: 2023-06-26 05:45:50 INFO   prod-us-west-2-buildkite-ci-agents-i-02db844904a309c4f-1 Finished job 0188f62d-1af3-4053-9b2f-a6b977d1e4ac
Jun 26 05:46:00 ip-10-20-171-181 buildkite-agent: 2023-06-26 05:46:00 INFO   prod-us-west-2-buildkite-ci-agents-i-02db844904a309c4f-1 Assigned job 0188f62d-1af4-44d9-9318-3ed118f52935. Accepting...
Jun 26 05:46:01 ip-10-20-171-181 buildkite-agent: 2023-06-26 05:46:01 INFO   prod-us-west-2-buildkite-ci-agents-i-02db844904a309c4f-1 Starting job 0188f62d-1af4-44d9-9318-3ed118f52935
Jun 26 05:46:01 ip-10-20-171-181 buildkite-agent: 2023-06-26 05:46:01 INFO   prod-us-west-2-buildkite-ci-agents-i-02db844904a309c4f-1 [Process] Process is running with PID: 17399
Jun 26 05:55:25 ip-10-20-171-181 buildkite-agent: 2023-06-26 05:55:25 INFO   prod-us-west-2-buildkite-ci-agents-i-02db844904a309c4f-1 Process with PID: 17399 finished with Exit Status: 0, Signal: nil
Jun 26 05:55:26 ip-10-20-171-181 buildkite-agent: 2023-06-26 05:55:26 INFO   prod-us-west-2-buildkite-ci-agents-i-02db844904a309c4f-1 Finished job 0188f62d-1af4-44d9-9318-3ed118f52935
Jun 26 05:55:36 ip-10-20-171-181 buildkite-agent: 2023-06-26 05:55:36 INFO   prod-us-west-2-buildkite-ci-agents-i-02db844904a309c4f-1 Assigned job 0188f62d-1af5-4673-8ef5-903ff77ad2a0. Accepting...
Jun 26 05:55:36 ip-10-20-171-181 buildkite-agent: 2023-06-26 05:55:36 INFO   prod-us-west-2-buildkite-ci-agents-i-02db844904a309c4f-1 Starting job 0188f62d-1af5-4673-8ef5-903ff77ad2a0
Jun 26 05:55:37 ip-10-20-171-181 buildkite-agent: 2023-06-26 05:55:37 INFO   prod-us-west-2-buildkite-ci-agents-i-02db844904a309c4f-1 [Process] Process is running with PID: 20028
Jun 26 06:02:34 ip-10-20-171-181 buildkite-agent: 2023-06-26 06:02:34 INFO   prod-us-west-2-buildkite-ci-agents-i-02db844904a309c4f-1 Process with PID: 20028 finished with Exit Status: 0, Signal: nil
Jun 26 06:02:35 ip-10-20-171-181 buildkite-agent: 2023-06-26 06:02:35 INFO   prod-us-west-2-buildkite-ci-agents-i-02db844904a309c4f-1 Finished job 0188f62d-1af5-4673-8ef5-903ff77ad2a0
Jun 26 06:02:55 ip-10-20-171-181 buildkite-agent: 2023-06-26 06:02:55 INFO   prod-us-west-2-buildkite-ci-agents-i-02db844904a309c4f-1 Assigned job 0188f64c-412d-408b-bdca-cf37fee5eb6c. Accepting...
Jun 26 06:02:55 ip-10-20-171-181 buildkite-agent: 2023-06-26 06:02:55 INFO   prod-us-west-2-buildkite-ci-agents-i-02db844904a309c4f-1 Starting job 0188f64c-412d-408b-bdca-cf37fee5eb6c
Jun 26 06:02:55 ip-10-20-171-181 buildkite-agent: 2023-06-26 06:02:55 INFO   prod-us-west-2-buildkite-ci-agents-i-02db844904a309c4f-1 [Process] Process is running with PID: 22161
Jun 26 06:03:35 ip-10-20-171-181 buildkite-agent: 2023-06-26 06:03:35 INFO   prod-us-west-2-buildkite-ci-agents-i-02db844904a309c4f-1 Process with PID: 22161 finished with Exit Status: 0, Signal: nil
Jun 26 06:03:36 ip-10-20-171-181 buildkite-agent: 2023-06-26 06:03:36 INFO   prod-us-west-2-buildkite-ci-agents-i-02db844904a309c4f-1 Finished job 0188f64c-412d-408b-bdca-cf37fee5eb6c
Jun 26 06:03:46 ip-10-20-171-181 buildkite-agent: 2023-06-26 06:03:46 INFO   prod-us-west-2-buildkite-ci-agents-i-02db844904a309c4f-1 Assigned job 0188f64c-42e1-4fc7-a57f-1f768f102e6f. Accepting...
Jun 26 06:03:46 ip-10-20-171-181 buildkite-agent: 2023-06-26 06:03:46 INFO   prod-us-west-2-buildkite-ci-agents-i-02db844904a309c4f-1 Starting job 0188f64c-42e1-4fc7-a57f-1f768f102e6f
Jun 26 06:03:46 ip-10-20-171-181 buildkite-agent: 2023-06-26 06:03:46 INFO   prod-us-west-2-buildkite-ci-agents-i-02db844904a309c4f-1 [Process] Process is running with PID: 22861
Jun 26 06:04:15 ip-10-20-171-181 buildkite-agent: 2023-06-26 06:04:15 INFO   prod-us-west-2-buildkite-ci-agents-i-02db844904a309c4f-1 Process with PID: 22861 finished with Exit Status: 0, Signal: nil
Jun 26 06:04:16 ip-10-20-171-181 buildkite-agent: 2023-06-26 06:04:16 INFO   prod-us-west-2-buildkite-ci-agents-i-02db844904a309c4f-1 Finished job 0188f64c-42e1-4fc7-a57f-1f768f102e6f
Jun 26 06:15:26 ip-10-20-171-181 buildkite-agent: 2023-06-26 06:15:26 INFO   prod-us-west-2-buildkite-ci-agents-i-02db844904a309c4f-1 Assigned job 0188f657-bc9b-4bf0-9327-463adf6cf7b8. Accepting...
Jun 26 06:15:26 ip-10-20-171-181 buildkite-agent: 2023-06-26 06:15:26 INFO   prod-us-west-2-buildkite-ci-agents-i-02db844904a309c4f-1 Starting job 0188f657-bc9b-4bf0-9327-463adf6cf7b8
Jun 26 06:15:26 ip-10-20-171-181 buildkite-agent: 2023-06-26 06:15:26 INFO   prod-us-west-2-buildkite-ci-agents-i-02db844904a309c4f-1 [Process] Process is running with PID: 24990
Jun 26 06:15:32 ip-10-20-171-181 buildkite-agent: 2023-06-26 06:15:32 INFO   prod-us-west-2-buildkite-ci-agents-i-02db844904a309c4f-1 Process with PID: 24990 finished with Exit Status: 0, Signal: nil
Jun 26 06:15:32 ip-10-20-171-181 buildkite-agent: 2023-06-26 06:15:32 INFO   prod-us-west-2-buildkite-ci-agents-i-02db844904a309c4f-1 Finished job 0188f657-bc9b-4bf0-9327-463adf6cf7b8
Jun 26 06:17:52 ip-10-20-171-181 buildkite-agent: 2023-06-26 06:17:52 INFO   prod-us-west-2-buildkite-ci-agents-i-02db844904a309c4f-1 Assigned job 0188f659-d613-4c4f-b3ce-827a2f89cdc5. Accepting...
Jun 26 06:17:52 ip-10-20-171-181 buildkite-agent: 2023-06-26 06:17:52 INFO   prod-us-west-2-buildkite-ci-agents-i-02db844904a309c4f-1 Starting job 0188f659-d613-4c4f-b3ce-827a2f89cdc5
Jun 26 06:17:53 ip-10-20-171-181 buildkite-agent: 2023-06-26 06:17:53 INFO   prod-us-west-2-buildkite-ci-agents-i-02db844904a309c4f-1 [Process] Process is running with PID: 25571
Jun 26 06:18:34 ip-10-20-171-181 buildkite-agent: 2023-06-26 06:18:34 INFO   prod-us-west-2-buildkite-ci-agents-i-02db844904a309c4f-1 Process with PID: 25571 finished with Exit Status: 0, Signal: nil
Jun 26 06:18:35 ip-10-20-171-181 buildkite-agent: 2023-06-26 06:18:35 INFO   prod-us-west-2-buildkite-ci-agents-i-02db844904a309c4f-1 Finished job 0188f659-d613-4c4f-b3ce-827a2f89cdc5
Jun 26 06:19:05 ip-10-20-171-181 buildkite-agent: 2023-06-26 06:19:05 INFO   prod-us-west-2-buildkite-ci-agents-i-02db844904a309c4f-1 Assigned job 0188f65a-fdad-4ac5-8c49-d622e4372b8f. Accepting...
Jun 26 06:19:05 ip-10-20-171-181 buildkite-agent: 2023-06-26 06:19:05 INFO   prod-us-west-2-buildkite-ci-agents-i-02db844904a309c4f-1 Starting job 0188f65a-fdad-4ac5-8c49-d622e4372b8f
Jun 26 06:19:05 ip-10-20-171-181 buildkite-agent: 2023-06-26 06:19:05 INFO   prod-us-west-2-buildkite-ci-agents-i-02db844904a309c4f-1 [Process] Process is running with PID: 26914
Jun 26 06:19:15 ip-10-20-171-181 buildkite-agent: 2023-06-26 06:19:15 INFO   prod-us-west-2-buildkite-ci-agents-i-02db844904a309c4f-1 Process with PID: 26914 finished with Exit Status: 0, Signal: nil
Jun 26 06:19:16 ip-10-20-171-181 buildkite-agent: 2023-06-26 06:19:16 INFO   prod-us-west-2-buildkite-ci-agents-i-02db844904a309c4f-1 Finished job 0188f65a-fdad-4ac5-8c49-d622e4372b8f
Jun 26 06:19:36 ip-10-20-171-181 buildkite-agent: 2023-06-26 06:19:36 INFO   prod-us-west-2-buildkite-ci-agents-i-02db844904a309c4f-1 Assigned job 0188f65a-ffe6-49f8-8339-d32ebffa2560. Accepting...
Jun 26 06:19:36 ip-10-20-171-181 buildkite-agent: 2023-06-26 06:19:36 INFO   prod-us-west-2-buildkite-ci-agents-i-02db844904a309c4f-1 Starting job 0188f65a-ffe6-49f8-8339-d32ebffa2560
Jun 26 06:19:36 ip-10-20-171-181 buildkite-agent: 2023-06-26 06:19:36 INFO   prod-us-west-2-buildkite-ci-agents-i-02db844904a309c4f-1 [Process] Process is running with PID: 27537
Jun 26 06:23:48 ip-10-20-171-181 buildkite-agent: 2023-06-26 06:23:48 INFO   prod-us-west-2-buildkite-ci-agents-i-02db844904a309c4f-1 Process with PID: 27537 finished with Exit Status: 0, Signal: nil
Jun 26 06:23:49 ip-10-20-171-181 buildkite-agent: 2023-06-26 06:23:49 INFO   prod-us-west-2-buildkite-ci-agents-i-02db844904a309c4f-1 Finished job 0188f65a-ffe6-49f8-8339-d32ebffa2560
Jun 26 06:23:59 ip-10-20-171-181 buildkite-agent: 2023-06-26 06:23:59 INFO   prod-us-west-2-buildkite-ci-agents-i-02db844904a309c4f-1 Assigned job 0188f65f-5a80-49a1-b6fe-b1be2bc3969a. Accepting...
Jun 26 06:23:59 ip-10-20-171-181 buildkite-agent: 2023-06-26 06:23:59 INFO   prod-us-west-2-buildkite-ci-agents-i-02db844904a309c4f-1 Starting job 0188f65f-5a80-49a1-b6fe-b1be2bc3969a
Jun 26 06:23:59 ip-10-20-171-181 buildkite-agent: 2023-06-26 06:23:59 INFO   prod-us-west-2-buildkite-ci-agents-i-02db844904a309c4f-1 [Process] Process is running with PID: 28688
Jun 26 06:24:10 ip-10-20-171-181 buildkite-agent: 2023-06-26 06:24:10 INFO   prod-us-west-2-buildkite-ci-agents-i-02db844904a309c4f-1 Process with PID: 28688 finished with Exit Status: 0, Signal: nil
Jun 26 06:24:11 ip-10-20-171-181 buildkite-agent: 2023-06-26 06:24:11 INFO   prod-us-west-2-buildkite-ci-agents-i-02db844904a309c4f-1 Finished job 0188f65f-5a80-49a1-b6fe-b1be2bc3969a
Jun 26 06:31:11 ip-10-20-171-181 buildkite-agent: 2023-06-26 06:31:11 INFO   prod-us-west-2-buildkite-ci-agents-i-02db844904a309c4f-1 Assigned job 0188f666-19e7-4341-9a3b-811c697c24a7. Accepting...
Jun 26 06:31:11 ip-10-20-171-181 buildkite-agent: 2023-06-26 06:31:11 INFO   prod-us-west-2-buildkite-ci-agents-i-02db844904a309c4f-1 Starting job 0188f666-19e7-4341-9a3b-811c697c24a7
Jun 26 06:31:12 ip-10-20-171-181 buildkite-agent: 2023-06-26 06:31:12 INFO   prod-us-west-2-buildkite-ci-agents-i-02db844904a309c4f-1 [Process] Process is running with PID: 30129
Jun 26 06:31:19 ip-10-20-171-181 buildkite-agent: 2023-06-26 06:31:19 INFO   prod-us-west-2-buildkite-ci-agents-i-02db844904a309c4f-1 Process with PID: 30129 finished with Exit Status: 0, Signal: nil
Jun 26 06:31:19 ip-10-20-171-181 buildkite-agent: 2023-06-26 06:31:19 INFO   prod-us-west-2-buildkite-ci-agents-i-02db844904a309c4f-1 Finished job 0188f666-19e7-4341-9a3b-811c697c24a7
Jun 26 06:31:29 ip-10-20-171-181 buildkite-agent: 2023-06-26 06:31:29 INFO   prod-us-west-2-buildkite-ci-agents-i-02db844904a309c4f-1 Assigned job 0188f666-4fad-4959-b22f-4dedffc21824. Accepting...
Jun 26 06:31:29 ip-10-20-171-181 buildkite-agent: 2023-06-26 06:31:29 INFO   prod-us-west-2-buildkite-ci-agents-i-02db844904a309c4f-1 Starting job 0188f666-4fad-4959-b22f-4dedffc21824
Jun 26 06:31:29 ip-10-20-171-181 buildkite-agent: 2023-06-26 06:31:29 INFO   prod-us-west-2-buildkite-ci-agents-i-02db844904a309c4f-1 [Process] Process is running with PID: 30376
Jun 26 06:31:35 ip-10-20-171-181 buildkite-agent: 2023-06-26 06:31:35 INFO   prod-us-west-2-buildkite-ci-agents-i-02db844904a309c4f-1 Process with PID: 30376 finished with Exit Status: 0, Signal: nil
Jun 26 06:31:35 ip-10-20-171-181 buildkite-agent: 2023-06-26 06:31:35 INFO   prod-us-west-2-buildkite-ci-agents-i-02db844904a309c4f-1 Finished job 0188f666-4fad-4959-b22f-4dedffc21824
Jun 26 06:45:26 ip-10-20-171-181 buildkite-agent: 2023-06-26 06:45:26 INFO   prod-us-west-2-buildkite-ci-agents-i-02db844904a309c4f-1 Assigned job 0188f673-217f-4588-9d24-0c5a1495783b. Accepting...
Jun 26 06:45:26 ip-10-20-171-181 buildkite-agent: 2023-06-26 06:45:26 INFO   prod-us-west-2-buildkite-ci-agents-i-02db844904a309c4f-1 Starting job 0188f673-217f-4588-9d24-0c5a1495783b
Jun 26 06:45:26 ip-10-20-171-181 buildkite-agent: 2023-06-26 06:45:26 INFO   prod-us-west-2-buildkite-ci-agents-i-02db844904a309c4f-1 [Process] Process is running with PID: 32408
Jun 26 06:45:32 ip-10-20-171-181 buildkite-agent: 2023-06-26 06:45:32 INFO   prod-us-west-2-buildkite-ci-agents-i-02db844904a309c4f-1 Process with PID: 32408 finished with Exit Status: 0, Signal: nil
Jun 26 06:45:32 ip-10-20-171-181 buildkite-agent: 2023-06-26 06:45:32 INFO   prod-us-west-2-buildkite-ci-agents-i-02db844904a309c4f-1 Finished job 0188f673-217f-4588-9d24-0c5a1495783b
Jun 26 06:53:03 ip-10-20-171-181 buildkite-agent: 2023-06-26 06:53:03 INFO   prod-us-west-2-buildkite-ci-agents-i-02db844904a309c4f-1 Assigned job 0188f67a-0edc-48bc-b540-dc7c47a2bbd6. Accepting...
Jun 26 06:53:03 ip-10-20-171-181 buildkite-agent: 2023-06-26 06:53:03 INFO   prod-us-west-2-buildkite-ci-agents-i-02db844904a309c4f-1 Starting job 0188f67a-0edc-48bc-b540-dc7c47a2bbd6
Jun 26 06:53:03 ip-10-20-171-181 buildkite-agent: 2023-06-26 06:53:03 INFO   prod-us-west-2-buildkite-ci-agents-i-02db844904a309c4f-1 [Process] Process is running with PID: 1135
Jun 26 06:53:51 ip-10-20-171-181 buildkite-agent: 2023-06-26 06:53:51 INFO   prod-us-west-2-buildkite-ci-agents-i-02db844904a309c4f-1 Process with PID: 1135 finished with Exit Status: 0, Signal: nil
Jun 26 06:53:51 ip-10-20-171-181 buildkite-agent: 2023-06-26 06:53:51 INFO   prod-us-west-2-buildkite-ci-agents-i-02db844904a309c4f-1 Finished job 0188f67a-0edc-48bc-b540-dc7c47a2bbd6
Jun 26 06:54:01 ip-10-20-171-181 buildkite-agent: 2023-06-26 06:54:01 INFO   prod-us-west-2-buildkite-ci-agents-i-02db844904a309c4f-1 Assigned job 0188f67a-0ede-4b93-80cd-9181ad78fca6. Accepting...
Jun 26 06:54:02 ip-10-20-171-181 buildkite-agent: 2023-06-26 06:54:02 INFO   prod-us-west-2-buildkite-ci-agents-i-02db844904a309c4f-1 Starting job 0188f67a-0ede-4b93-80cd-9181ad78fca6
Jun 26 06:54:02 ip-10-20-171-181 buildkite-agent: 2023-06-26 06:54:02 INFO   prod-us-west-2-buildkite-ci-agents-i-02db844904a309c4f-1 [Process] Process is running with PID: 1734
Jun 26 06:54:42 ip-10-20-171-181 buildkite-agent: 2023-06-26 06:54:42 INFO   prod-us-west-2-buildkite-ci-agents-i-02db844904a309c4f-1 Process with PID: 1734 finished with Exit Status: 0, Signal: nil
Jun 26 06:54:42 ip-10-20-171-181 buildkite-agent: 2023-06-26 06:54:42 INFO   prod-us-west-2-buildkite-ci-agents-i-02db844904a309c4f-1 Finished job 0188f67a-0ede-4b93-80cd-9181ad78fca6
Jun 26 06:54:52 ip-10-20-171-181 buildkite-agent: 2023-06-26 06:54:52 INFO   prod-us-west-2-buildkite-ci-agents-i-02db844904a309c4f-1 Assigned job 0188f67a-0ee5-46a7-905c-bfbc9e995a15. Accepting...
Jun 26 06:54:52 ip-10-20-171-181 buildkite-agent: 2023-06-26 06:54:52 INFO   prod-us-west-2-buildkite-ci-agents-i-02db844904a309c4f-1 Starting job 0188f67a-0ee5-46a7-905c-bfbc9e995a15
Jun 26 06:54:53 ip-10-20-171-181 buildkite-agent: 2023-06-26 06:54:53 INFO   prod-us-west-2-buildkite-ci-agents-i-02db844904a309c4f-1 [Process] Process is running with PID: 2298
Jun 26 07:01:50 ip-10-20-171-181 buildkite-agent: 2023-06-26 07:01:50 INFO   prod-us-west-2-buildkite-ci-agents-i-02db844904a309c4f-1 Process with PID: 2298 finished with Exit Status: 0, Signal: nil
Jun 26 07:01:51 ip-10-20-171-181 buildkite-agent: 2023-06-26 07:01:51 INFO   prod-us-west-2-buildkite-ci-agents-i-02db844904a309c4f-1 Finished job 0188f67a-0ee5-46a7-905c-bfbc9e995a15
Jun 26 07:02:01 ip-10-20-171-181 buildkite-agent: 2023-06-26 07:02:01 INFO   prod-us-west-2-buildkite-ci-agents-i-02db844904a309c4f-1 Assigned job 0188f682-54b7-4e51-bd37-90ebad858c11. Accepting...
Jun 26 07:02:01 ip-10-20-171-181 buildkite-agent: 2023-06-26 07:02:01 INFO   prod-us-west-2-buildkite-ci-agents-i-02db844904a309c4f-1 Starting job 0188f682-54b7-4e51-bd37-90ebad858c11
Jun 26 07:02:01 ip-10-20-171-181 buildkite-agent: 2023-06-26 07:02:01 INFO   prod-us-west-2-buildkite-ci-agents-i-02db844904a309c4f-1 [Process] Process is running with PID: 3847
Jun 26 07:07:05 ip-10-20-171-181 buildkite-agent: 2023-06-26 07:07:05 INFO   prod-us-west-2-buildkite-ci-agents-i-02db844904a309c4f-1 Process with PID: 3847 finished with Exit Status: 0, Signal: nil
Jun 26 07:07:05 ip-10-20-171-181 buildkite-agent: 2023-06-26 07:07:05 INFO   prod-us-west-2-buildkite-ci-agents-i-02db844904a309c4f-1 Finished job 0188f682-54b7-4e51-bd37-90ebad858c11
Jun 26 07:08:05 ip-10-20-171-181 buildkite-agent: 2023-06-26 07:08:05 INFO   prod-us-west-2-buildkite-ci-agents-i-02db844904a309c4f-1 Assigned job 0188f52e-a061-47ea-adf3-6d733268b52b. Accepting...
Jun 26 07:08:06 ip-10-20-171-181 buildkite-agent: 2023-06-26 07:08:06 INFO   prod-us-west-2-buildkite-ci-agents-i-02db844904a309c4f-1 Starting job 0188f52e-a061-47ea-adf3-6d733268b52b
Jun 26 07:08:06 ip-10-20-171-181 buildkite-agent: 2023-06-26 07:08:06 WARN   prod-us-west-2-buildkite-ci-agents-i-02db844904a309c4f-1 Buildkite rejected the call to start the job (PUT https://agent.buildkite.com/v3/jobs/0188f52e-a061-47ea-adf3-6d733268b52b/start: 422 This job can't be started while the build is in a `blocked` state.)
Jun 26 07:08:06 ip-10-20-171-181 buildkite-agent: 2023-06-26 07:08:06 ERROR  prod-us-west-2-buildkite-ci-agents-i-02db844904a309c4f-1 Failed to run job: PUT https://agent.buildkite.com/v3/jobs/0188f52e-a061-47ea-adf3-6d733268b52b/start: 422 This job can't be started while the build is in a `blocked` state.
Jun 26 07:08:15 ip-10-20-171-181 buildkite-agent: 2023-06-26 07:08:15 INFO   prod-us-west-2-buildkite-ci-agents-i-02db844904a309c4f-1 Assigned job 0188f52e-a061-47ea-adf3-6d733268b52b. Accepting...
Jun 26 07:08:15 ip-10-20-171-181 buildkite-agent: 2023-06-26 07:08:15 INFO   prod-us-west-2-buildkite-ci-agents-i-02db844904a309c4f-1 Starting job 0188f52e-a061-47ea-adf3-6d733268b52b
Jun 26 07:08:16 ip-10-20-171-181 buildkite-agent: 2023-06-26 07:08:16 WARN   prod-us-west-2-buildkite-ci-agents-i-02db844904a309c4f-1 Buildkite rejected the call to start the job (PUT https://agent.buildkite.com/v3/jobs/0188f52e-a061-47ea-adf3-6d733268b52b/start: 422 This job can't be started while the build is in a `blocked` state.)
Jun 26 07:08:16 ip-10-20-171-181 buildkite-agent: 2023-06-26 07:08:16 ERROR  prod-us-west-2-buildkite-ci-agents-i-02db844904a309c4f-1 Failed to run job: PUT https://agent.buildkite.com/v3/jobs/0188f52e-a061-47ea-adf3-6d733268b52b/start: 422 This job can't be started while the build is in a `blocked` state.
Jun 26 07:08:25 ip-10-20-171-181 buildkite-agent: 2023-06-26 07:08:25 INFO   prod-us-west-2-buildkite-ci-agents-i-02db844904a309c4f-1 Assigned job 0188f52e-a061-47ea-adf3-6d733268b52b. Accepting...
Jun 26 07:08:25 ip-10-20-171-181 buildkite-agent: 2023-06-26 07:08:25 INFO   prod-us-west-2-buildkite-ci-agents-i-02db844904a309c4f-1 Starting job 0188f52e-a061-47ea-adf3-6d733268b52b
Jun 26 07:08:25 ip-10-20-171-181 buildkite-agent: 2023-06-26 07:08:25 WARN   prod-us-west-2-buildkite-ci-agents-i-02db844904a309c4f-1 Buildkite rejected the call to start the job (PUT https://agent.buildkite.com/v3/jobs/0188f52e-a061-47ea-adf3-6d733268b52b/start: 422 This job can't be started while the build is in a `blocked` state.)
Jun 26 07:08:25 ip-10-20-171-181 buildkite-agent: 2023-06-26 07:08:25 ERROR  prod-us-west-2-buildkite-ci-agents-i-02db844904a309c4f-1 Failed to run job: PUT https://agent.buildkite.com/v3/jobs/0188f52e-a061-47ea-adf3-6d733268b52b/start: 422 This job can't be started while the build is in a `blocked` state.
Jun 26 07:08:35 ip-10-20-171-181 buildkite-agent: 2023-06-26 07:08:35 INFO   prod-us-west-2-buildkite-ci-agents-i-02db844904a309c4f-1 Assigned job 0188f52e-a061-47ea-adf3-6d733268b52b. Accepting...
Jun 26 07:08:35 ip-10-20-171-181 buildkite-agent: 2023-06-26 07:08:35 INFO   prod-us-west-2-buildkite-ci-agents-i-02db844904a309c4f-1 Starting job 0188f52e-a061-47ea-adf3-6d733268b52b
Jun 26 07:08:36 ip-10-20-171-181 buildkite-agent: 2023-06-26 07:08:36 WARN   prod-us-west-2-buildkite-ci-agents-i-02db844904a309c4f-1 Buildkite rejected the call to start the job (PUT https://agent.buildkite.com/v3/jobs/0188f52e-a061-47ea-adf3-6d733268b52b/start: 422 This job can't be started while the build is in a `blocked` state.)
Jun 26 07:08:36 ip-10-20-171-181 buildkite-agent: 2023-06-26 07:08:36 ERROR  prod-us-west-2-buildkite-ci-agents-i-02db844904a309c4f-1 Failed to run job: PUT https://agent.buildkite.com/v3/jobs/0188f52e-a061-47ea-adf3-6d733268b52b/start: 422 This job can't be started while the build is in a `blocked` state.
Jun 26 07:08:45 ip-10-20-171-181 buildkite-agent: 2023-06-26 07:08:45 INFO   prod-us-west-2-buildkite-ci-agents-i-02db844904a309c4f-1 Assigned job 0188f52e-a061-47ea-adf3-6d733268b52b. Accepting...
Jun 26 07:08:45 ip-10-20-171-181 buildkite-agent: 2023-06-26 07:08:45 INFO   prod-us-west-2-buildkite-ci-agents-i-02db844904a309c4f-1 Starting job 0188f52e-a061-47ea-adf3-6d733268b52b
Jun 26 07:08:46 ip-10-20-171-181 buildkite-agent: 2023-06-26 07:08:46 WARN   prod-us-west-2-buildkite-ci-agents-i-02db844904a309c4f-1 Buildkite rejected the call to start the job (PUT https://agent.buildkite.com/v3/jobs/0188f52e-a061-47ea-adf3-6d733268b52b/start: 422 This job can't be started while the build is in a `blocked` state.)
Jun 26 07:08:46 ip-10-20-171-181 buildkite-agent: 2023-06-26 07:08:46 ERROR  prod-us-west-2-buildkite-ci-agents-i-02db844904a309c4f-1 Failed to run job: PUT https://agent.buildkite.com/v3/jobs/0188f52e-a061-47ea-adf3-6d733268b52b/start: 422 This job can't be started while the build is in a `blocked` state.
Jun 26 07:08:55 ip-10-20-171-181 buildkite-agent: 2023-06-26 07:08:55 INFO   prod-us-west-2-buildkite-ci-agents-i-02db844904a309c4f-1 Assigned job 0188f52e-a061-47ea-adf3-6d733268b52b. Accepting...
Jun 26 07:08:55 ip-10-20-171-181 buildkite-agent: 2023-06-26 07:08:55 INFO   prod-us-west-2-buildkite-ci-agents-i-02db844904a309c4f-1 Starting job 0188f52e-a061-47ea-adf3-6d733268b52b
Jun 26 07:08:56 ip-10-20-171-181 buildkite-agent: 2023-06-26 07:08:56 WARN   prod-us-west-2-buildkite-ci-agents-i-02db844904a309c4f-1 Buildkite rejected the call to start the job (PUT https://agent.buildkite.com/v3/jobs/0188f52e-a061-47ea-adf3-6d733268b52b/start: 422 This job can't be started while the build is in a `blocked` state.)
Jun 26 07:08:56 ip-10-20-171-181 buildkite-agent: 2023-06-26 07:08:56 ERROR  prod-us-west-2-buildkite-ci-agents-i-02db844904a309c4f-1 Failed to run job: PUT https://agent.buildkite.com/v3/jobs/0188f52e-a061-47ea-adf3-6d733268b52b/start: 422 This job can't be started while the build is in a `blocked` state.
Jun 26 07:09:05 ip-10-20-171-181 buildkite-agent: 2023-06-26 07:09:05 INFO   prod-us-west-2-buildkite-ci-agents-i-02db844904a309c4f-1 Assigned job 0188f52e-a061-47ea-adf3-6d733268b52b. Accepting...
Jun 26 07:09:06 ip-10-20-171-181 buildkite-agent: 2023-06-26 07:09:06 INFO   prod-us-west-2-buildkite-ci-agents-i-02db844904a309c4f-1 Starting job 0188f52e-a061-47ea-adf3-6d733268b52b
Jun 26 07:09:06 ip-10-20-171-181 buildkite-agent: 2023-06-26 07:09:06 WARN   prod-us-west-2-buildkite-ci-agents-i-02db844904a309c4f-1 Buildkite rejected the call to start the job (PUT https://agent.buildkite.com/v3/jobs/0188f52e-a061-47ea-adf3-6d733268b52b/start: 422 This job can't be started while the build is in a `blocked` state.)
Jun 26 07:09:06 ip-10-20-171-181 buildkite-agent: 2023-06-26 07:09:06 ERROR  prod-us-west-2-buildkite-ci-agents-i-02db844904a309c4f-1 Failed to run job: PUT https://agent.buildkite.com/v3/jobs/0188f52e-a061-47ea-adf3-6d733268b52b/start: 422 This job can't be started while the build is in a `blocked` state.
Jun 26 07:09:15 ip-10-20-171-181 buildkite-agent: 2023-06-26 07:09:15 INFO   prod-us-west-2-buildkite-ci-agents-i-02db844904a309c4f-1 Assigned job 0188f52e-a061-47ea-adf3-6d733268b52b. Accepting...
Jun 26 07:09:15 ip-10-20-171-181 buildkite-agent: 2023-06-26 07:09:15 INFO   prod-us-west-2-buildkite-ci-agents-i-02db844904a309c4f-1 Starting job 0188f52e-a061-47ea-adf3-6d733268b52b
Jun 26 07:09:16 ip-10-20-171-181 buildkite-agent: 2023-06-26 07:09:16 WARN   prod-us-west-2-buildkite-ci-agents-i-02db844904a309c4f-1 Buildkite rejected the call to start the job (PUT https://agent.buildkite.com/v3/jobs/0188f52e-a061-47ea-adf3-6d733268b52b/start: 422 This job can't be started while the build is in a `blocked` state.)
Jun 26 07:09:16 ip-10-20-171-181 buildkite-agent: 2023-06-26 07:09:16 ERROR  prod-us-west-2-buildkite-ci-agents-i-02db844904a309c4f-1 Failed to run job: PUT https://agent.buildkite.com/v3/jobs/0188f52e-a061-47ea-adf3-6d733268b52b/start: 422 This job can't be started while the build is in a `blocked` state.
Jun 26 07:09:25 ip-10-20-171-181 buildkite-agent: 2023-06-26 07:09:25 INFO   prod-us-west-2-buildkite-ci-agents-i-02db844904a309c4f-1 Assigned job 0188f52e-a061-47ea-adf3-6d733268b52b. Accepting...
Jun 26 07:09:25 ip-10-20-171-181 buildkite-agent: 2023-06-26 07:09:25 INFO   prod-us-west-2-buildkite-ci-agents-i-02db844904a309c4f-1 Starting job 0188f52e-a061-47ea-adf3-6d733268b52b
Jun 26 07:09:26 ip-10-20-171-181 buildkite-agent: 2023-06-26 07:09:26 WARN   prod-us-west-2-buildkite-ci-agents-i-02db844904a309c4f-1 Buildkite rejected the call to start the job (PUT https://agent.buildkite.com/v3/jobs/0188f52e-a061-47ea-adf3-6d733268b52b/start: 422 This job can't be started while the build is in a `blocked` state.)
Jun 26 07:09:26 ip-10-20-171-181 buildkite-agent: 2023-06-26 07:09:26 ERROR  prod-us-west-2-buildkite-ci-agents-i-02db844904a309c4f-1 Failed to run job: PUT https://agent.buildkite.com/v3/jobs/0188f52e-a061-47ea-adf3-6d733268b52b/start: 422 This job can't be started while the build is in a `blocked` state.
Jun 26 07:09:35 ip-10-20-171-181 buildkite-agent: 2023-06-26 07:09:35 INFO   prod-us-west-2-buildkite-ci-agents-i-02db844904a309c4f-1 Assigned job 0188f52e-a061-47ea-adf3-6d733268b52b. Accepting...
Jun 26 07:09:35 ip-10-20-171-181 buildkite-agent: 2023-06-26 07:09:35 INFO   prod-us-west-2-buildkite-ci-agents-i-02db844904a309c4f-1 Starting job 0188f52e-a061-47ea-adf3-6d733268b52b
Jun 26 07:09:35 ip-10-20-171-181 buildkite-agent: 2023-06-26 07:09:35 WARN   prod-us-west-2-buildkite-ci-agents-i-02db844904a309c4f-1 Buildkite rejected the call to start the job (PUT https://agent.buildkite.com/v3/jobs/0188f52e-a061-47ea-adf3-6d733268b52b/start: 422 This job can't be started while the build is in a `blocked` state.)
Jun 26 07:09:35 ip-10-20-171-181 buildkite-agent: 2023-06-26 07:09:35 ERROR  prod-us-west-2-buildkite-ci-agents-i-02db844904a309c4f-1 Failed to run job: PUT https://agent.buildkite.com/v3/jobs/0188f52e-a061-47ea-adf3-6d733268b52b/start: 422 This job can't be started while the build is in a `blocked` state.
Jun 26 07:09:45 ip-10-20-171-181 buildkite-agent: 2023-06-26 07:09:45 INFO   prod-us-west-2-buildkite-ci-agents-i-02db844904a309c4f-1 Assigned job 0188f52e-a061-47ea-adf3-6d733268b52b. Accepting...
Jun 26 07:09:45 ip-10-20-171-181 buildkite-agent: 2023-06-26 07:09:45 INFO   prod-us-west-2-buildkite-ci-agents-i-02db844904a309c4f-1 Starting job 0188f52e-a061-47ea-adf3-6d733268b52b
Jun 26 07:09:45 ip-10-20-171-181 buildkite-agent: 2023-06-26 07:09:45 WARN   prod-us-west-2-buildkite-ci-agents-i-02db844904a309c4f-1 Buildkite rejected the call to start the job (PUT https://agent.buildkite.com/v3/jobs/0188f52e-a061-47ea-adf3-6d733268b52b/start: 422 This job can't be started while the build is in a `blocked` state.)
Jun 26 07:09:45 ip-10-20-171-181 buildkite-agent: 2023-06-26 07:09:45 ERROR  prod-us-west-2-buildkite-ci-agents-i-02db844904a309c4f-1 Failed to run job: PUT https://agent.buildkite.com/v3/jobs/0188f52e-a061-47ea-adf3-6d733268b52b/start: 422 This job can't be started while the build is in a `blocked` state.
Jun 26 07:09:55 ip-10-20-171-181 buildkite-agent: 2023-06-26 07:09:55 INFO   prod-us-west-2-buildkite-ci-agents-i-02db844904a309c4f-1 Assigned job 0188f52e-a061-47ea-adf3-6d733268b52b. Accepting...
Jun 26 07:09:55 ip-10-20-171-181 buildkite-agent: 2023-06-26 07:09:55 INFO   prod-us-west-2-buildkite-ci-agents-i-02db844904a309c4f-1 Starting job 0188f52e-a061-47ea-adf3-6d733268b52b
Jun 26 07:09:56 ip-10-20-171-181 buildkite-agent: 2023-06-26 07:09:56 WARN   prod-us-west-2-buildkite-ci-agents-i-02db844904a309c4f-1 Buildkite rejected the call to start the job (PUT https://agent.buildkite.com/v3/jobs/0188f52e-a061-47ea-adf3-6d733268b52b/start: 422 This job can't be started while the build is in a `blocked` state.)
Jun 26 07:09:56 ip-10-20-171-181 buildkite-agent: 2023-06-26 07:09:56 ERROR  prod-us-west-2-buildkite-ci-agents-i-02db844904a309c4f-1 Failed to run job: PUT https://agent.buildkite.com/v3/jobs/0188f52e-a061-47ea-adf3-6d733268b52b/start: 422 This job can't be started while the build is in a `blocked` state.
Jun 26 07:10:05 ip-10-20-171-181 buildkite-agent: 2023-06-26 07:10:05 INFO   prod-us-west-2-buildkite-ci-agents-i-02db844904a309c4f-1 Assigned job 0188f52e-a061-47ea-adf3-6d733268b52b. Accepting...
Jun 26 07:10:06 ip-10-20-171-181 buildkite-agent: 2023-06-26 07:10:06 INFO   prod-us-west-2-buildkite-ci-agents-i-02db844904a309c4f-1 Starting job 0188f52e-a061-47ea-adf3-6d733268b52b
Jun 26 07:10:06 ip-10-20-171-181 buildkite-agent: 2023-06-26 07:10:06 WARN   prod-us-west-2-buildkite-ci-agents-i-02db844904a309c4f-1 Buildkite rejected the call to start the job (PUT https://agent.buildkite.com/v3/jobs/0188f52e-a061-47ea-adf3-6d733268b52b/start: 422 This job can't be started while the build is in a `blocked` state.)
Jun 26 07:10:06 ip-10-20-171-181 buildkite-agent: 2023-06-26 07:10:06 ERROR  prod-us-west-2-buildkite-ci-agents-i-02db844904a309c4f-1 Failed to run job: PUT https://agent.buildkite.com/v3/jobs/0188f52e-a061-47ea-adf3-6d733268b52b/start: 422 This job can't be started while the build is in a `blocked` state.
Jun 26 07:10:15 ip-10-20-171-181 buildkite-agent: 2023-06-26 07:10:15 INFO   prod-us-west-2-buildkite-ci-agents-i-02db844904a309c4f-1 Assigned job 0188f52e-a061-47ea-adf3-6d733268b52b. Accepting...
Jun 26 07:10:15 ip-10-20-171-181 buildkite-agent: 2023-06-26 07:10:15 INFO   prod-us-west-2-buildkite-ci-agents-i-02db844904a309c4f-1 Starting job 0188f52e-a061-47ea-adf3-6d733268b52b
Jun 26 07:10:16 ip-10-20-171-181 buildkite-agent: 2023-06-26 07:10:16 WARN   prod-us-west-2-buildkite-ci-agents-i-02db844904a309c4f-1 Buildkite rejected the call to start the job (PUT https://agent.buildkite.com/v3/jobs/0188f52e-a061-47ea-adf3-6d733268b52b/start: 422 This job can't be started while the build is in a `blocked` state.)
Jun 26 07:10:16 ip-10-20-171-181 buildkite-agent: 2023-06-26 07:10:16 ERROR  prod-us-west-2-buildkite-ci-agents-i-02db844904a309c4f-1 Failed to run job: PUT https://agent.buildkite.com/v3/jobs/0188f52e-a061-47ea-adf3-6d733268b52b/start: 422 This job can't be started while the build is in a `blocked` state.
Jun 26 07:10:25 ip-10-20-171-181 buildkite-agent: 2023-06-26 07:10:25 INFO   prod-us-west-2-buildkite-ci-agents-i-02db844904a309c4f-1 Assigned job 0188f52e-a061-47ea-adf3-6d733268b52b. Accepting...
Jun 26 07:10:25 ip-10-20-171-181 buildkite-agent: 2023-06-26 07:10:25 INFO   prod-us-west-2-buildkite-ci-agents-i-02db844904a309c4f-1 Starting job 0188f52e-a061-47ea-adf3-6d733268b52b
Jun 26 07:10:26 ip-10-20-171-181 buildkite-agent: 2023-06-26 07:10:25 WARN   prod-us-west-2-buildkite-ci-agents-i-02db844904a309c4f-1 Buildkite rejected the call to start the job (PUT https://agent.buildkite.com/v3/jobs/0188f52e-a061-47ea-adf3-6d733268b52b/start: 422 This job can't be started while the build is in a `blocked` state.)
Jun 26 07:10:26 ip-10-20-171-181 buildkite-agent: 2023-06-26 07:10:25 ERROR  prod-us-west-2-buildkite-ci-agents-i-02db844904a309c4f-1 Failed to run job: PUT https://agent.buildkite.com/v3/jobs/0188f52e-a061-47ea-adf3-6d733268b52b/start: 422 This job can't be started while the build is in a `blocked` state.
Jun 26 07:10:35 ip-10-20-171-181 buildkite-agent: 2023-06-26 07:10:35 INFO   prod-us-west-2-buildkite-ci-agents-i-02db844904a309c4f-1 Assigned job 0188f52e-a061-47ea-adf3-6d733268b52b. Accepting...
Jun 26 07:10:35 ip-10-20-171-181 buildkite-agent: 2023-06-26 07:10:35 INFO   prod-us-west-2-buildkite-ci-agents-i-02db844904a309c4f-1 Starting job 0188f52e-a061-47ea-adf3-6d733268b52b
Jun 26 07:10:36 ip-10-20-171-181 buildkite-agent: 2023-06-26 07:10:36 WARN   prod-us-west-2-buildkite-ci-agents-i-02db844904a309c4f-1 Buildkite rejected the call to start the job (PUT https://agent.buildkite.com/v3/jobs/0188f52e-a061-47ea-adf3-6d733268b52b/start: 422 This job can't be started while the build is in a `blocked` state.)
Jun 26 07:10:36 ip-10-20-171-181 buildkite-agent: 2023-06-26 07:10:36 ERROR  prod-us-west-2-buildkite-ci-agents-i-02db844904a309c4f-1 Failed to run job: PUT https://agent.buildkite.com/v3/jobs/0188f52e-a061-47ea-adf3-6d733268b52b/start: 422 This job can't be started while the build is in a `blocked` state.
Jun 26 07:10:45 ip-10-20-171-181 buildkite-agent: 2023-06-26 07:10:45 INFO   prod-us-west-2-buildkite-ci-agents-i-02db844904a309c4f-1 Assigned job 0188f52e-a061-47ea-adf3-6d733268b52b. Accepting...
Jun 26 07:10:45 ip-10-20-171-181 buildkite-agent: 2023-06-26 07:10:45 INFO   prod-us-west-2-buildkite-ci-agents-i-02db844904a309c4f-1 Starting job 0188f52e-a061-47ea-adf3-6d733268b52b
Jun 26 07:10:46 ip-10-20-171-181 buildkite-agent: 2023-06-26 07:10:46 WARN   prod-us-west-2-buildkite-ci-agents-i-02db844904a309c4f-1 Buildkite rejected the call to start the job (PUT https://agent.buildkite.com/v3/jobs/0188f52e-a061-47ea-adf3-6d733268b52b/start: 422 This job can't be started while the build is in a `blocked` state.)
Jun 26 07:10:46 ip-10-20-171-181 buildkite-agent: 2023-06-26 07:10:46 ERROR  prod-us-west-2-buildkite-ci-agents-i-02db844904a309c4f-1 Failed to run job: PUT https://agent.buildkite.com/v3/jobs/0188f52e-a061-47ea-adf3-6d733268b52b/start: 422 This job can't be started while the build is in a `blocked` state.
Jun 26 07:10:55 ip-10-20-171-181 buildkite-agent: 2023-06-26 07:10:55 INFO   prod-us-west-2-buildkite-ci-agents-i-02db844904a309c4f-1 Assigned job 0188f52e-a061-47ea-adf3-6d733268b52b. Accepting...
Jun 26 07:10:55 ip-10-20-171-181 buildkite-agent: 2023-06-26 07:10:55 INFO   prod-us-west-2-buildkite-ci-agents-i-02db844904a309c4f-1 Starting job 0188f52e-a061-47ea-adf3-6d733268b52b
Jun 26 07:10:56 ip-10-20-171-181 buildkite-agent: 2023-06-26 07:10:56 WARN   prod-us-west-2-buildkite-ci-agents-i-02db844904a309c4f-1 Buildkite rejected the call to start the job (PUT https://agent.buildkite.com/v3/jobs/0188f52e-a061-47ea-adf3-6d733268b52b/start: 422 This job can't be started while the build is in a `blocked` state.)
Jun 26 07:10:56 ip-10-20-171-181 buildkite-agent: 2023-06-26 07:10:56 ERROR  prod-us-west-2-buildkite-ci-agents-i-02db844904a309c4f-1 Failed to run job: PUT https://agent.buildkite.com/v3/jobs/0188f52e-a061-47ea-adf3-6d733268b52b/start: 422 This job can't be started while the build is in a `blocked` state.
Jun 26 07:11:05 ip-10-20-171-181 buildkite-agent: 2023-06-26 07:11:05 INFO   prod-us-west-2-buildkite-ci-agents-i-02db844904a309c4f-1 Assigned job 0188f52e-a061-47ea-adf3-6d733268b52b. Accepting...
Jun 26 07:11:06 ip-10-20-171-181 buildkite-agent: 2023-06-26 07:11:06 INFO   prod-us-west-2-buildkite-ci-agents-i-02db844904a309c4f-1 Starting job 0188f52e-a061-47ea-adf3-6d733268b52b
Jun 26 07:11:06 ip-10-20-171-181 buildkite-agent: 2023-06-26 07:11:06 WARN   prod-us-west-2-buildkite-ci-agents-i-02db844904a309c4f-1 Buildkite rejected the call to start the job (PUT https://agent.buildkite.com/v3/jobs/0188f52e-a061-47ea-adf3-6d733268b52b/start: 422 This job can't be started while the build is in a `blocked` state.)
Jun 26 07:11:06 ip-10-20-171-181 buildkite-agent: 2023-06-26 07:11:06 ERROR  prod-us-west-2-buildkite-ci-agents-i-02db844904a309c4f-1 Failed to run job: PUT https://agent.buildkite.com/v3/jobs/0188f52e-a061-47ea-adf3-6d733268b52b/start: 422 This job can't be started while the build is in a `blocked` state.
Jun 26 07:11:15 ip-10-20-171-181 buildkite-agent: 2023-06-26 07:11:15 INFO   prod-us-west-2-buildkite-ci-agents-i-02db844904a309c4f-1 Assigned job 0188f52e-a061-47ea-adf3-6d733268b52b. Accepting...
Jun 26 07:11:15 ip-10-20-171-181 buildkite-agent: 2023-06-26 07:11:15 INFO   prod-us-west-2-buildkite-ci-agents-i-02db844904a309c4f-1 Starting job 0188f52e-a061-47ea-adf3-6d733268b52b
Jun 26 07:11:16 ip-10-20-171-181 buildkite-agent: 2023-06-26 07:11:16 WARN   prod-us-west-2-buildkite-ci-agents-i-02db844904a309c4f-1 Buildkite rejected the call to start the job (PUT https://agent.buildkite.com/v3/jobs/0188f52e-a061-47ea-adf3-6d733268b52b/start: 422 This job can't be started while the build is in a `blocked` state.)
Jun 26 07:11:16 ip-10-20-171-181 buildkite-agent: 2023-06-26 07:11:16 ERROR  prod-us-west-2-buildkite-ci-agents-i-02db844904a309c4f-1 Failed to run job: PUT https://agent.buildkite.com/v3/jobs/0188f52e-a061-47ea-adf3-6d733268b52b/start: 422 This job can't be started while the build is in a `blocked` state.
Jun 26 07:11:25 ip-10-20-171-181 buildkite-agent: 2023-06-26 07:11:25 INFO   prod-us-west-2-buildkite-ci-agents-i-02db844904a309c4f-1 Assigned job 0188f52e-a061-47ea-adf3-6d733268b52b. Accepting...
Jun 26 07:11:25 ip-10-20-171-181 buildkite-agent: 2023-06-26 07:11:25 INFO   prod-us-west-2-buildkite-ci-agents-i-02db844904a309c4f-1 Starting job 0188f52e-a061-47ea-adf3-6d733268b52b
Jun 26 07:11:26 ip-10-20-171-181 buildkite-agent: 2023-06-26 07:11:25 WARN   prod-us-west-2-buildkite-ci-agents-i-02db844904a309c4f-1 Buildkite rejected the call to start the job (PUT https://agent.buildkite.com/v3/jobs/0188f52e-a061-47ea-adf3-6d733268b52b/start: 422 This job can't be started while the build is in a `blocked` state.)
Jun 26 07:11:26 ip-10-20-171-181 buildkite-agent: 2023-06-26 07:11:25 ERROR  prod-us-west-2-buildkite-ci-agents-i-02db844904a309c4f-1 Failed to run job: PUT https://agent.buildkite.com/v3/jobs/0188f52e-a061-47ea-adf3-6d733268b52b/start: 422 This job can't be started while the build is in a `blocked` state.
Jun 26 07:11:35 ip-10-20-171-181 buildkite-agent: 2023-06-26 07:11:35 INFO   prod-us-west-2-buildkite-ci-agents-i-02db844904a309c4f-1 Assigned job 0188f52e-a061-47ea-adf3-6d733268b52b. Accepting...
Jun 26 07:11:35 ip-10-20-171-181 buildkite-agent: 2023-06-26 07:11:35 INFO   prod-us-west-2-buildkite-ci-agents-i-02db844904a309c4f-1 Starting job 0188f52e-a061-47ea-adf3-6d733268b52b
Jun 26 07:11:36 ip-10-20-171-181 buildkite-agent: 2023-06-26 07:11:36 WARN   prod-us-west-2-buildkite-ci-agents-i-02db844904a309c4f-1 Buildkite rejected the call to start the job (PUT https://agent.buildkite.com/v3/jobs/0188f52e-a061-47ea-adf3-6d733268b52b/start: 422 This job can't be started while the build is in a `blocked` state.)
Jun 26 07:11:36 ip-10-20-171-181 buildkite-agent: 2023-06-26 07:11:36 ERROR  prod-us-west-2-buildkite-ci-agents-i-02db844904a309c4f-1 Failed to run job: PUT https://agent.buildkite.com/v3/jobs/0188f52e-a061-47ea-adf3-6d733268b52b/start: 422 This job can't be started while the build is in a `blocked` state.
Jun 26 07:11:45 ip-10-20-171-181 buildkite-agent: 2023-06-26 07:11:45 INFO   prod-us-west-2-buildkite-ci-agents-i-02db844904a309c4f-1 Assigned job 0188f52e-a061-47ea-adf3-6d733268b52b. Accepting...
Jun 26 07:11:45 ip-10-20-171-181 buildkite-agent: 2023-06-26 07:11:45 INFO   prod-us-west-2-buildkite-ci-agents-i-02db844904a309c4f-1 Starting job 0188f52e-a061-47ea-adf3-6d733268b52b
Jun 26 07:11:45 ip-10-20-171-181 buildkite-agent: 2023-06-26 07:11:45 WARN   prod-us-west-2-buildkite-ci-agents-i-02db844904a309c4f-1 Buildkite rejected the call to start the job (PUT https://agent.buildkite.com/v3/jobs/0188f52e-a061-47ea-adf3-6d733268b52b/start: 422 This job can't be started while the build is in a `blocked` state.)
Jun 26 07:11:45 ip-10-20-171-181 buildkite-agent: 2023-06-26 07:11:45 ERROR  prod-us-west-2-buildkite-ci-agents-i-02db844904a309c4f-1 Failed to run job: PUT https://agent.buildkite.com/v3/jobs/0188f52e-a061-47ea-adf3-6d733268b52b/start: 422 This job can't be started while the build is in a `blocked` state.
Jun 26 07:11:55 ip-10-20-171-181 buildkite-agent: 2023-06-26 07:11:55 INFO   prod-us-west-2-buildkite-ci-agents-i-02db844904a309c4f-1 Assigned job 0188f52e-a061-47ea-adf3-6d733268b52b. Accepting...
Jun 26 07:11:55 ip-10-20-171-181 buildkite-agent: 2023-06-26 07:11:55 INFO   prod-us-west-2-buildkite-ci-agents-i-02db844904a309c4f-1 Starting job 0188f52e-a061-47ea-adf3-6d733268b52b
Jun 26 07:11:55 ip-10-20-171-181 buildkite-agent: 2023-06-26 07:11:55 WARN   prod-us-west-2-buildkite-ci-agents-i-02db844904a309c4f-1 Buildkite rejected the call to start the job (PUT https://agent.buildkite.com/v3/jobs/0188f52e-a061-47ea-adf3-6d733268b52b/start: 422 This job can't be started while the build is in a `blocked` state.)
Jun 26 07:11:55 ip-10-20-171-181 buildkite-agent: 2023-06-26 07:11:55 ERROR  prod-us-west-2-buildkite-ci-agents-i-02db844904a309c4f-1 Failed to run job: PUT https://agent.buildkite.com/v3/jobs/0188f52e-a061-47ea-adf3-6d733268b52b/start: 422 This job can't be started while the build is in a `blocked` state.
Jun 26 07:12:05 ip-10-20-171-181 buildkite-agent: 2023-06-26 07:12:05 INFO   prod-us-west-2-buildkite-ci-agents-i-02db844904a309c4f-1 Assigned job 0188f52e-a061-47ea-adf3-6d733268b52b. Accepting...
Jun 26 07:12:06 ip-10-20-171-181 buildkite-agent: 2023-06-26 07:12:06 INFO   prod-us-west-2-buildkite-ci-agents-i-02db844904a309c4f-1 Starting job 0188f52e-a061-47ea-adf3-6d733268b52b
Jun 26 07:12:06 ip-10-20-171-181 buildkite-agent: 2023-06-26 07:12:06 WARN   prod-us-west-2-buildkite-ci-agents-i-02db844904a309c4f-1 Buildkite rejected the call to start the job (PUT https://agent.buildkite.com/v3/jobs/0188f52e-a061-47ea-adf3-6d733268b52b/start: 422 This job can't be started while the build is in a `blocked` state.)
Jun 26 07:12:06 ip-10-20-171-181 buildkite-agent: 2023-06-26 07:12:06 ERROR  prod-us-west-2-buildkite-ci-agents-i-02db844904a309c4f-1 Failed to run job: PUT https://agent.buildkite.com/v3/jobs/0188f52e-a061-47ea-adf3-6d733268b52b/start: 422 This job can't be started while the build is in a `blocked` state.
Jun 26 07:12:15 ip-10-20-171-181 buildkite-agent: 2023-06-26 07:12:15 INFO   prod-us-west-2-buildkite-ci-agents-i-02db844904a309c4f-1 Assigned job 0188f52e-a061-47ea-adf3-6d733268b52b. Accepting...
Jun 26 07:12:15 ip-10-20-171-181 buildkite-agent: 2023-06-26 07:12:15 INFO   prod-us-west-2-buildkite-ci-agents-i-02db844904a309c4f-1 Starting job 0188f52e-a061-47ea-adf3-6d733268b52b
Jun 26 07:12:16 ip-10-20-171-181 buildkite-agent: 2023-06-26 07:12:16 WARN   prod-us-west-2-buildkite-ci-agents-i-02db844904a309c4f-1 Buildkite rejected the call to start the job (PUT https://agent.buildkite.com/v3/jobs/0188f52e-a061-47ea-adf3-6d733268b52b/start: 422 This job can't be started while the build is in a `blocked` state.)
Jun 26 07:12:16 ip-10-20-171-181 buildkite-agent: 2023-06-26 07:12:16 ERROR  prod-us-west-2-buildkite-ci-agents-i-02db844904a309c4f-1 Failed to run job: PUT https://agent.buildkite.com/v3/jobs/0188f52e-a061-47ea-adf3-6d733268b52b/start: 422 This job can't be started while the build is in a `blocked` state.
Jun 26 07:12:25 ip-10-20-171-181 buildkite-agent: 2023-06-26 07:12:25 INFO   prod-us-west-2-buildkite-ci-agents-i-02db844904a309c4f-1 Assigned job 0188f52e-a061-47ea-adf3-6d733268b52b. Accepting...
Jun 26 07:12:25 ip-10-20-171-181 buildkite-agent: 2023-06-26 07:12:25 INFO   prod-us-west-2-buildkite-ci-agents-i-02db844904a309c4f-1 Starting job 0188f52e-a061-47ea-adf3-6d733268b52b
Jun 26 07:12:25 ip-10-20-171-181 buildkite-agent: 2023-06-26 07:12:25 WARN   prod-us-west-2-buildkite-ci-agents-i-02db844904a309c4f-1 Buildkite rejected the call to start the job (PUT https://agent.buildkite.com/v3/jobs/0188f52e-a061-47ea-adf3-6d733268b52b/start: 422 This job can't be started while the build is in a `blocked` state.)
Jun 26 07:12:25 ip-10-20-171-181 buildkite-agent: 2023-06-26 07:12:25 ERROR  prod-us-west-2-buildkite-ci-agents-i-02db844904a309c4f-1 Failed to run job: PUT https://agent.buildkite.com/v3/jobs/0188f52e-a061-47ea-adf3-6d733268b52b/start: 422 This job can't be started while the build is in a `blocked` state.
Jun 26 07:12:35 ip-10-20-171-181 buildkite-agent: 2023-06-26 07:12:35 INFO   prod-us-west-2-buildkite-ci-agents-i-02db844904a309c4f-1 Assigned job 0188f52e-a061-47ea-adf3-6d733268b52b. Accepting...
Jun 26 07:12:35 ip-10-20-171-181 buildkite-agent: 2023-06-26 07:12:35 INFO   prod-us-west-2-buildkite-ci-agents-i-02db844904a309c4f-1 Starting job 0188f52e-a061-47ea-adf3-6d733268b52b
Jun 26 07:12:36 ip-10-20-171-181 buildkite-agent: 2023-06-26 07:12:36 WARN   prod-us-west-2-buildkite-ci-agents-i-02db844904a309c4f-1 Buildkite rejected the call to start the job (PUT https://agent.buildkite.com/v3/jobs/0188f52e-a061-47ea-adf3-6d733268b52b/start: 422 This job can't be started while the build is in a `blocked` state.)
Jun 26 07:12:36 ip-10-20-171-181 buildkite-agent: 2023-06-26 07:12:36 ERROR  prod-us-west-2-buildkite-ci-agents-i-02db844904a309c4f-1 Failed to run job: PUT https://agent.buildkite.com/v3/jobs/0188f52e-a061-47ea-adf3-6d733268b52b/start: 422 This job can't be started while the build is in a `blocked` state.
Jun 26 07:12:45 ip-10-20-171-181 buildkite-agent: 2023-06-26 07:12:45 INFO   prod-us-west-2-buildkite-ci-agents-i-02db844904a309c4f-1 Assigned job 0188f52e-a061-47ea-adf3-6d733268b52b. Accepting...
Jun 26 07:12:45 ip-10-20-171-181 buildkite-agent: 2023-06-26 07:12:45 INFO   prod-us-west-2-buildkite-ci-agents-i-02db844904a309c4f-1 Starting job 0188f52e-a061-47ea-adf3-6d733268b52b
Jun 26 07:12:46 ip-10-20-171-181 buildkite-agent: 2023-06-26 07:12:46 WARN   prod-us-west-2-buildkite-ci-agents-i-02db844904a309c4f-1 Buildkite rejected the call to start the job (PUT https://agent.buildkite.com/v3/jobs/0188f52e-a061-47ea-adf3-6d733268b52b/start: 422 This job can't be started while the build is in a `blocked` state.)
Jun 26 07:12:46 ip-10-20-171-181 buildkite-agent: 2023-06-26 07:12:46 ERROR  prod-us-west-2-buildkite-ci-agents-i-02db844904a309c4f-1 Failed to run job: PUT https://agent.buildkite.com/v3/jobs/0188f52e-a061-47ea-adf3-6d733268b52b/start: 422 This job can't be started while the build is in a `blocked` state.
Jun 26 07:12:55 ip-10-20-171-181 buildkite-agent: 2023-06-26 07:12:55 INFO   prod-us-west-2-buildkite-ci-agents-i-02db844904a309c4f-1 Assigned job 0188f52e-a061-47ea-adf3-6d733268b52b. Accepting...
Jun 26 07:12:55 ip-10-20-171-181 buildkite-agent: 2023-06-26 07:12:55 INFO   prod-us-west-2-buildkite-ci-agents-i-02db844904a309c4f-1 Starting job 0188f52e-a061-47ea-adf3-6d733268b52b
Jun 26 07:12:56 ip-10-20-171-181 buildkite-agent: 2023-06-26 07:12:56 WARN   prod-us-west-2-buildkite-ci-agents-i-02db844904a309c4f-1 Buildkite rejected the call to start the job (PUT https://agent.buildkite.com/v3/jobs/0188f52e-a061-47ea-adf3-6d733268b52b/start: 422 This job can't be started while the build is in a `blocked` state.)
Jun 26 07:12:56 ip-10-20-171-181 buildkite-agent: 2023-06-26 07:12:56 ERROR  prod-us-west-2-buildkite-ci-agents-i-02db844904a309c4f-1 Failed to run job: PUT https://agent.buildkite.com/v3/jobs/0188f52e-a061-47ea-adf3-6d733268b52b/start: 422 This job can't be started while the build is in a `blocked` state.
Jun 26 07:13:05 ip-10-20-171-181 buildkite-agent: 2023-06-26 07:13:05 INFO   prod-us-west-2-buildkite-ci-agents-i-02db844904a309c4f-1 Assigned job 0188f52e-a061-47ea-adf3-6d733268b52b. Accepting...
Jun 26 07:13:06 ip-10-20-171-181 buildkite-agent: 2023-06-26 07:13:06 INFO   prod-us-west-2-buildkite-ci-agents-i-02db844904a309c4f-1 Starting job 0188f52e-a061-47ea-adf3-6d733268b52b
Jun 26 07:13:06 ip-10-20-171-181 buildkite-agent: 2023-06-26 07:13:06 WARN   prod-us-west-2-buildkite-ci-agents-i-02db844904a309c4f-1 Buildkite rejected the call to start the job (PUT https://agent.buildkite.com/v3/jobs/0188f52e-a061-47ea-adf3-6d733268b52b/start: 422 This job can't be started while the build is in a `blocked` state.)
Jun 26 07:13:06 ip-10-20-171-181 buildkite-agent: 2023-06-26 07:13:06 ERROR  prod-us-west-2-buildkite-ci-agents-i-02db844904a309c4f-1 Failed to run job: PUT https://agent.buildkite.com/v3/jobs/0188f52e-a061-47ea-adf3-6d733268b52b/start: 422 This job can't be started while the build is in a `blocked` state.
Jun 26 07:13:15 ip-10-20-171-181 buildkite-agent: 2023-06-26 07:13:15 INFO   prod-us-west-2-buildkite-ci-agents-i-02db844904a309c4f-1 Assigned job 0188f52e-a061-47ea-adf3-6d733268b52b. Accepting...
Jun 26 07:13:15 ip-10-20-171-181 buildkite-agent: 2023-06-26 07:13:15 INFO   prod-us-west-2-buildkite-ci-agents-i-02db844904a309c4f-1 Starting job 0188f52e-a061-47ea-adf3-6d733268b52b
Jun 26 07:13:15 ip-10-20-171-181 buildkite-agent: 2023-06-26 07:13:15 WARN   prod-us-west-2-buildkite-ci-agents-i-02db844904a309c4f-1 Buildkite rejected the call to start the job (PUT https://agent.buildkite.com/v3/jobs/0188f52e-a061-47ea-adf3-6d733268b52b/start: 422 This job can't be started while the build is in a `blocked` state.)
Jun 26 07:13:15 ip-10-20-171-181 buildkite-agent: 2023-06-26 07:13:15 ERROR  prod-us-west-2-buildkite-ci-agents-i-02db844904a309c4f-1 Failed to run job: PUT https://agent.buildkite.com/v3/jobs/0188f52e-a061-47ea-adf3-6d733268b52b/start: 422 This job can't be started while the build is in a `blocked` state.
Jun 26 07:13:25 ip-10-20-171-181 buildkite-agent: 2023-06-26 07:13:25 INFO   prod-us-west-2-buildkite-ci-agents-i-02db844904a309c4f-1 Assigned job 0188f52e-a061-47ea-adf3-6d733268b52b. Accepting...
Jun 26 07:13:25 ip-10-20-171-181 buildkite-agent: 2023-06-26 07:13:25 INFO   prod-us-west-2-buildkite-ci-agents-i-02db844904a309c4f-1 Starting job 0188f52e-a061-47ea-adf3-6d733268b52b
Jun 26 07:13:26 ip-10-20-171-181 buildkite-agent: 2023-06-26 07:13:26 WARN   prod-us-west-2-buildkite-ci-agents-i-02db844904a309c4f-1 Buildkite rejected the call to start the job (PUT https://agent.buildkite.com/v3/jobs/0188f52e-a061-47ea-adf3-6d733268b52b/start: 422 This job can't be started while the build is in a `blocked` state.)
Jun 26 07:13:26 ip-10-20-171-181 buildkite-agent: 2023-06-26 07:13:26 ERROR  prod-us-west-2-buildkite-ci-agents-i-02db844904a309c4f-1 Failed to run job: PUT https://agent.buildkite.com/v3/jobs/0188f52e-a061-47ea-adf3-6d733268b52b/start: 422 This job can't be started while the build is in a `blocked` state.
Jun 26 07:13:35 ip-10-20-171-181 buildkite-agent: 2023-06-26 07:13:35 INFO   prod-us-west-2-buildkite-ci-agents-i-02db844904a309c4f-1 Assigned job 0188f52e-a061-47ea-adf3-6d733268b52b. Accepting...
Jun 26 07:13:35 ip-10-20-171-181 buildkite-agent: 2023-06-26 07:13:35 INFO   prod-us-west-2-buildkite-ci-agents-i-02db844904a309c4f-1 Starting job 0188f52e-a061-47ea-adf3-6d733268b52b
Jun 26 07:13:36 ip-10-20-171-181 buildkite-agent: 2023-06-26 07:13:36 WARN   prod-us-west-2-buildkite-ci-agents-i-02db844904a309c4f-1 Buildkite rejected the call to start the job (PUT https://agent.buildkite.com/v3/jobs/0188f52e-a061-47ea-adf3-6d733268b52b/start: 422 This job can't be started while the build is in a `blocked` state.)
Jun 26 07:13:36 ip-10-20-171-181 buildkite-agent: 2023-06-26 07:13:36 ERROR  prod-us-west-2-buildkite-ci-agents-i-02db844904a309c4f-1 Failed to run job: PUT https://agent.buildkite.com/v3/jobs/0188f52e-a061-47ea-adf3-6d733268b52b/start: 422 This job can't be started while the build is in a `blocked` state.
Jun 26 07:13:45 ip-10-20-171-181 buildkite-agent: 2023-06-26 07:13:45 INFO   prod-us-west-2-buildkite-ci-agents-i-02db844904a309c4f-1 Assigned job 0188f52e-a061-47ea-adf3-6d733268b52b. Accepting...
Jun 26 07:13:45 ip-10-20-171-181 buildkite-agent: 2023-06-26 07:13:45 INFO   prod-us-west-2-buildkite-ci-agents-i-02db844904a309c4f-1 Starting job 0188f52e-a061-47ea-adf3-6d733268b52b
Jun 26 07:13:45 ip-10-20-171-181 buildkite-agent: 2023-06-26 07:13:45 WARN   prod-us-west-2-buildkite-ci-agents-i-02db844904a309c4f-1 Buildkite rejected the call to start the job (PUT https://agent.buildkite.com/v3/jobs/0188f52e-a061-47ea-adf3-6d733268b52b/start: 422 This job can't be started while the build is in a `blocked` state.)
Jun 26 07:13:45 ip-10-20-171-181 buildkite-agent: 2023-06-26 07:13:45 ERROR  prod-us-west-2-buildkite-ci-agents-i-02db844904a309c4f-1 Failed to run job: PUT https://agent.buildkite.com/v3/jobs/0188f52e-a061-47ea-adf3-6d733268b52b/start: 422 This job can't be started while the build is in a `blocked` state.
Jun 26 07:13:55 ip-10-20-171-181 buildkite-agent: 2023-06-26 07:13:55 INFO   prod-us-west-2-buildkite-ci-agents-i-02db844904a309c4f-1 Assigned job 0188f52e-a061-47ea-adf3-6d733268b52b. Accepting...
Jun 26 07:13:55 ip-10-20-171-181 buildkite-agent: 2023-06-26 07:13:55 INFO   prod-us-west-2-buildkite-ci-agents-i-02db844904a309c4f-1 Starting job 0188f52e-a061-47ea-adf3-6d733268b52b
Jun 26 07:13:55 ip-10-20-171-181 buildkite-agent: 2023-06-26 07:13:55 WARN   prod-us-west-2-buildkite-ci-agents-i-02db844904a309c4f-1 Buildkite rejected the call to start the job (PUT https://agent.buildkite.com/v3/jobs/0188f52e-a061-47ea-adf3-6d733268b52b/start: 422 This job can't be started while the build is in a `blocked` state.)
Jun 26 07:13:55 ip-10-20-171-181 buildkite-agent: 2023-06-26 07:13:55 ERROR  prod-us-west-2-buildkite-ci-agents-i-02db844904a309c4f-1 Failed to run job: PUT https://agent.buildkite.com/v3/jobs/0188f52e-a061-47ea-adf3-6d733268b52b/start: 422 This job can't be started while the build is in a `blocked` state.
Jun 26 07:14:05 ip-10-20-171-181 buildkite-agent: 2023-06-26 07:14:05 INFO   prod-us-west-2-buildkite-ci-agents-i-02db844904a309c4f-1 Assigned job 0188f52e-a061-47ea-adf3-6d733268b52b. Accepting...
Jun 26 07:14:06 ip-10-20-171-181 buildkite-agent: 2023-06-26 07:14:06 INFO   prod-us-west-2-buildkite-ci-agents-i-02db844904a309c4f-1 Starting job 0188f52e-a061-47ea-adf3-6d733268b52b
Jun 26 07:14:06 ip-10-20-171-181 buildkite-agent: 2023-06-26 07:14:06 WARN   prod-us-west-2-buildkite-ci-agents-i-02db844904a309c4f-1 Buildkite rejected the call to start the job (PUT https://agent.buildkite.com/v3/jobs/0188f52e-a061-47ea-adf3-6d733268b52b/start: 422 This job can't be started while the build is in a `blocked` state.)
Jun 26 07:14:06 ip-10-20-171-181 buildkite-agent: 2023-06-26 07:14:06 ERROR  prod-us-west-2-buildkite-ci-agents-i-02db844904a309c4f-1 Failed to run job: PUT https://agent.buildkite.com/v3/jobs/0188f52e-a061-47ea-adf3-6d733268b52b/start: 422 This job can't be started while the build is in a `blocked` state.
Jun 26 07:14:15 ip-10-20-171-181 buildkite-agent: 2023-06-26 07:14:15 INFO   prod-us-west-2-buildkite-ci-agents-i-02db844904a309c4f-1 Assigned job 0188f52e-a061-47ea-adf3-6d733268b52b. Accepting...
Jun 26 07:14:15 ip-10-20-171-181 buildkite-agent: 2023-06-26 07:14:15 INFO   prod-us-west-2-buildkite-ci-agents-i-02db844904a309c4f-1 Starting job 0188f52e-a061-47ea-adf3-6d733268b52b
Jun 26 07:14:16 ip-10-20-171-181 buildkite-agent: 2023-06-26 07:14:16 WARN   prod-us-west-2-buildkite-ci-agents-i-02db844904a309c4f-1 Buildkite rejected the call to start the job (PUT https://agent.buildkite.com/v3/jobs/0188f52e-a061-47ea-adf3-6d733268b52b/start: 422 This job can't be started while the build is in a `blocked` state.)
Jun 26 07:14:16 ip-10-20-171-181 buildkite-agent: 2023-06-26 07:14:16 ERROR  prod-us-west-2-buildkite-ci-agents-i-02db844904a309c4f-1 Failed to run job: PUT https://agent.buildkite.com/v3/jobs/0188f52e-a061-47ea-adf3-6d733268b52b/start: 422 This job can't be started while the build is in a `blocked` state.
Jun 26 07:14:25 ip-10-20-171-181 buildkite-agent: 2023-06-26 07:14:25 INFO   prod-us-west-2-buildkite-ci-agents-i-02db844904a309c4f-1 Assigned job 0188f52e-a061-47ea-adf3-6d733268b52b. Accepting...
Jun 26 07:14:25 ip-10-20-171-181 buildkite-agent: 2023-06-26 07:14:25 INFO   prod-us-west-2-buildkite-ci-agents-i-02db844904a309c4f-1 Starting job 0188f52e-a061-47ea-adf3-6d733268b52b
Jun 26 07:14:26 ip-10-20-171-181 buildkite-agent: 2023-06-26 07:14:26 WARN   prod-us-west-2-buildkite-ci-agents-i-02db844904a309c4f-1 Buildkite rejected the call to start the job (PUT https://agent.buildkite.com/v3/jobs/0188f52e-a061-47ea-adf3-6d733268b52b/start: 422 This job can't be started while the build is in a `blocked` state.)
Jun 26 07:14:26 ip-10-20-171-181 buildkite-agent: 2023-06-26 07:14:26 ERROR  prod-us-west-2-buildkite-ci-agents-i-02db844904a309c4f-1 Failed to run job: PUT https://agent.buildkite.com/v3/jobs/0188f52e-a061-47ea-adf3-6d733268b52b/start: 422 This job can't be started while the build is in a `blocked` state.
Jun 26 07:14:35 ip-10-20-171-181 buildkite-agent: 2023-06-26 07:14:35 INFO   prod-us-west-2-buildkite-ci-agents-i-02db844904a309c4f-1 Assigned job 0188f52e-a061-47ea-adf3-6d733268b52b. Accepting...
Jun 26 07:14:35 ip-10-20-171-181 buildkite-agent: 2023-06-26 07:14:35 INFO   prod-us-west-2-buildkite-ci-agents-i-02db844904a309c4f-1 Starting job 0188f52e-a061-47ea-adf3-6d733268b52b
Jun 26 07:14:36 ip-10-20-171-181 buildkite-agent: 2023-06-26 07:14:36 WARN   prod-us-west-2-buildkite-ci-agents-i-02db844904a309c4f-1 Buildkite rejected the call to start the job (PUT https://agent.buildkite.com/v3/jobs/0188f52e-a061-47ea-adf3-6d733268b52b/start: 422 This job can't be started while the build is in a `blocked` state.)
Jun 26 07:14:36 ip-10-20-171-181 buildkite-agent: 2023-06-26 07:14:36 ERROR  prod-us-west-2-buildkite-ci-agents-i-02db844904a309c4f-1 Failed to run job: PUT https://agent.buildkite.com/v3/jobs/0188f52e-a061-47ea-adf3-6d733268b52b/start: 422 This job can't be started while the build is in a `blocked` state.
Jun 26 07:14:45 ip-10-20-171-181 buildkite-agent: 2023-06-26 07:14:45 INFO   prod-us-west-2-buildkite-ci-agents-i-02db844904a309c4f-1 Assigned job 0188f52e-a061-47ea-adf3-6d733268b52b. Accepting...
Jun 26 07:14:45 ip-10-20-171-181 buildkite-agent: 2023-06-26 07:14:45 INFO   prod-us-west-2-buildkite-ci-agents-i-02db844904a309c4f-1 Starting job 0188f52e-a061-47ea-adf3-6d733268b52b
Jun 26 07:14:46 ip-10-20-171-181 buildkite-agent: 2023-06-26 07:14:46 WARN   prod-us-west-2-buildkite-ci-agents-i-02db844904a309c4f-1 Buildkite rejected the call to start the job (PUT https://agent.buildkite.com/v3/jobs/0188f52e-a061-47ea-adf3-6d733268b52b/start: 422 This job can't be started while the build is in a `blocked` state.)
Jun 26 07:14:46 ip-10-20-171-181 buildkite-agent: 2023-06-26 07:14:46 ERROR  prod-us-west-2-buildkite-ci-agents-i-02db844904a309c4f-1 Failed to run job: PUT https://agent.buildkite.com/v3/jobs/0188f52e-a061-47ea-adf3-6d733268b52b/start: 422 This job can't be started while the build is in a `blocked` state.
Jun 26 07:14:55 ip-10-20-171-181 buildkite-agent: 2023-06-26 07:14:55 INFO   prod-us-west-2-buildkite-ci-agents-i-02db844904a309c4f-1 Assigned job 0188f52e-a061-47ea-adf3-6d733268b52b. Accepting...
Jun 26 07:14:55 ip-10-20-171-181 buildkite-agent: 2023-06-26 07:14:55 INFO   prod-us-west-2-buildkite-ci-agents-i-02db844904a309c4f-1 Starting job 0188f52e-a061-47ea-adf3-6d733268b52b
Jun 26 07:14:56 ip-10-20-171-181 buildkite-agent: 2023-06-26 07:14:56 WARN   prod-us-west-2-buildkite-ci-agents-i-02db844904a309c4f-1 Buildkite rejected the call to start the job (PUT https://agent.buildkite.com/v3/jobs/0188f52e-a061-47ea-adf3-6d733268b52b/start: 422 This job can't be started while the build is in a `blocked` state.)
Jun 26 07:14:56 ip-10-20-171-181 buildkite-agent: 2023-06-26 07:14:56 ERROR  prod-us-west-2-buildkite-ci-agents-i-02db844904a309c4f-1 Failed to run job: PUT https://agent.buildkite.com/v3/jobs/0188f52e-a061-47ea-adf3-6d733268b52b/start: 422 This job can't be started while the build is in a `blocked` state.
Jun 26 07:15:05 ip-10-20-171-181 buildkite-agent: 2023-06-26 07:15:05 INFO   prod-us-west-2-buildkite-ci-agents-i-02db844904a309c4f-1 Assigned job 0188f52e-a061-47ea-adf3-6d733268b52b. Accepting...
Jun 26 07:15:06 ip-10-20-171-181 buildkite-agent: 2023-06-26 07:15:06 INFO   prod-us-west-2-buildkite-ci-agents-i-02db844904a309c4f-1 Starting job 0188f52e-a061-47ea-adf3-6d733268b52b
Jun 26 07:15:06 ip-10-20-171-181 buildkite-agent: 2023-06-26 07:15:06 WARN   prod-us-west-2-buildkite-ci-agents-i-02db844904a309c4f-1 Buildkite rejected the call to start the job (PUT https://agent.buildkite.com/v3/jobs/0188f52e-a061-47ea-adf3-6d733268b52b/start: 422 This job can't be started while the build is in a `blocked` state.)
Jun 26 07:15:06 ip-10-20-171-181 buildkite-agent: 2023-06-26 07:15:06 ERROR  prod-us-west-2-buildkite-ci-agents-i-02db844904a309c4f-1 Failed to run job: PUT https://agent.buildkite.com/v3/jobs/0188f52e-a061-47ea-adf3-6d733268b52b/start: 422 This job can't be started while the build is in a `blocked` state.
Jun 26 07:15:15 ip-10-20-171-181 buildkite-agent: 2023-06-26 07:15:15 INFO   prod-us-west-2-buildkite-ci-agents-i-02db844904a309c4f-1 Assigned job 0188f52e-a061-47ea-adf3-6d733268b52b. Accepting...
Jun 26 07:15:15 ip-10-20-171-181 buildkite-agent: 2023-06-26 07:15:15 INFO   prod-us-west-2-buildkite-ci-agents-i-02db844904a309c4f-1 Starting job 0188f52e-a061-47ea-adf3-6d733268b52b
Jun 26 07:15:15 ip-10-20-171-181 buildkite-agent: 2023-06-26 07:15:15 WARN   prod-us-west-2-buildkite-ci-agents-i-02db844904a309c4f-1 Buildkite rejected the call to start the job (PUT https://agent.buildkite.com/v3/jobs/0188f52e-a061-47ea-adf3-6d733268b52b/start: 422 This job can't be started while the build is in a `blocked` state.)
Jun 26 07:15:15 ip-10-20-171-181 buildkite-agent: 2023-06-26 07:15:15 ERROR  prod-us-west-2-buildkite-ci-agents-i-02db844904a309c4f-1 Failed to run job: PUT https://agent.buildkite.com/v3/jobs/0188f52e-a061-47ea-adf3-6d733268b52b/start: 422 This job can't be started while the build is in a `blocked` state.
Jun 26 07:15:25 ip-10-20-171-181 buildkite-agent: 2023-06-26 07:15:25 INFO   prod-us-west-2-buildkite-ci-agents-i-02db844904a309c4f-1 Assigned job 0188f52e-a061-47ea-adf3-6d733268b52b. Accepting...
Jun 26 07:15:25 ip-10-20-171-181 buildkite-agent: 2023-06-26 07:15:25 INFO   prod-us-west-2-buildkite-ci-agents-i-02db844904a309c4f-1 Starting job 0188f52e-a061-47ea-adf3-6d733268b52b
Jun 26 07:15:26 ip-10-20-171-181 buildkite-agent: 2023-06-26 07:15:26 WARN   prod-us-west-2-buildkite-ci-agents-i-02db844904a309c4f-1 Buildkite rejected the call to start the job (PUT https://agent.buildkite.com/v3/jobs/0188f52e-a061-47ea-adf3-6d733268b52b/start: 422 This job can't be started while the build is in a `blocked` state.)
Jun 26 07:15:26 ip-10-20-171-181 buildkite-agent: 2023-06-26 07:15:26 ERROR  prod-us-west-2-buildkite-ci-agents-i-02db844904a309c4f-1 Failed to run job: PUT https://agent.buildkite.com/v3/jobs/0188f52e-a061-47ea-adf3-6d733268b52b/start: 422 This job can't be started while the build is in a `blocked` state.
Jun 26 07:15:35 ip-10-20-171-181 buildkite-agent: 2023-06-26 07:15:35 INFO   prod-us-west-2-buildkite-ci-agents-i-02db844904a309c4f-1 Assigned job 0188f52e-a061-47ea-adf3-6d733268b52b. Accepting...
Jun 26 07:15:35 ip-10-20-171-181 buildkite-agent: 2023-06-26 07:15:35 INFO   prod-us-west-2-buildkite-ci-agents-i-02db844904a309c4f-1 Starting job 0188f52e-a061-47ea-adf3-6d733268b52b
Jun 26 07:15:35 ip-10-20-171-181 buildkite-agent: 2023-06-26 07:15:35 WARN   prod-us-west-2-buildkite-ci-agents-i-02db844904a309c4f-1 Buildkite rejected the call to start the job (PUT https://agent.buildkite.com/v3/jobs/0188f52e-a061-47ea-adf3-6d733268b52b/start: 422 This job can't be started while the build is in a `blocked` state.)
Jun 26 07:15:35 ip-10-20-171-181 buildkite-agent: 2023-06-26 07:15:35 ERROR  prod-us-west-2-buildkite-ci-agents-i-02db844904a309c4f-1 Failed to run job: PUT https://agent.buildkite.com/v3/jobs/0188f52e-a061-47ea-adf3-6d733268b52b/start: 422 This job can't be started while the build is in a `blocked` state.
Jun 26 07:15:45 ip-10-20-171-181 buildkite-agent: 2023-06-26 07:15:45 INFO   prod-us-west-2-buildkite-ci-agents-i-02db844904a309c4f-1 Assigned job 0188f52e-a061-47ea-adf3-6d733268b52b. Accepting...
Jun 26 07:15:45 ip-10-20-171-181 buildkite-agent: 2023-06-26 07:15:45 INFO   prod-us-west-2-buildkite-ci-agents-i-02db844904a309c4f-1 Starting job 0188f52e-a061-47ea-adf3-6d733268b52b
Jun 26 07:15:45 ip-10-20-171-181 buildkite-agent: 2023-06-26 07:15:45 WARN   prod-us-west-2-buildkite-ci-agents-i-02db844904a309c4f-1 Buildkite rejected the call to start the job (PUT https://agent.buildkite.com/v3/jobs/0188f52e-a061-47ea-adf3-6d733268b52b/start: 422 This job can't be started while the build is in a `blocked` state.)
Jun 26 07:15:45 ip-10-20-171-181 buildkite-agent: 2023-06-26 07:15:45 ERROR  prod-us-west-2-buildkite-ci-agents-i-02db844904a309c4f-1 Failed to run job: PUT https://agent.buildkite.com/v3/jobs/0188f52e-a061-47ea-adf3-6d733268b52b/start: 422 This job can't be started while the build is in a `blocked` state.
Jun 26 07:15:55 ip-10-20-171-181 buildkite-agent: 2023-06-26 07:15:55 INFO   prod-us-west-2-buildkite-ci-agents-i-02db844904a309c4f-1 Assigned job 0188f52e-a061-47ea-adf3-6d733268b52b. Accepting...
Jun 26 07:15:55 ip-10-20-171-181 buildkite-agent: 2023-06-26 07:15:55 INFO   prod-us-west-2-buildkite-ci-agents-i-02db844904a309c4f-1 Starting job 0188f52e-a061-47ea-adf3-6d733268b52b
Jun 26 07:15:56 ip-10-20-171-181 buildkite-agent: 2023-06-26 07:15:56 WARN   prod-us-west-2-buildkite-ci-agents-i-02db844904a309c4f-1 Buildkite rejected the call to start the job (PUT https://agent.buildkite.com/v3/jobs/0188f52e-a061-47ea-adf3-6d733268b52b/start: 422 This job can't be started while the build is in a `blocked` state.)
Jun 26 07:15:56 ip-10-20-171-181 buildkite-agent: 2023-06-26 07:15:56 ERROR  prod-us-west-2-buildkite-ci-agents-i-02db844904a309c4f-1 Failed to run job: PUT https://agent.buildkite.com/v3/jobs/0188f52e-a061-47ea-adf3-6d733268b52b/start: 422 This job can't be started while the build is in a `blocked` state.
